TpTrace Information: 0 : 5624, 1, 2020/11/30, 23:56:20.877, 9556119429549, testhost.dll, DefaultEngineInvoker.Invoke: Testhost process started with args :[--port, 62616],[--endpoint, 127.0.0.1:062616],[--role, client],[--parentprocessid, 13712],[--diag, C:\Users\MaNemoj\source\repos\MaNemoj01\Filmoteka\Unit Testovi\bin\Debug\fine-code-coverage\_outputfolder\diagnostics.host.20-11-30_23-56-19_94581_4.log],[--tracelevel, 4],[--datacollectionport, 62615],[--telemetryoptedin, false]
TpTrace Information: 0 : 5624, 1, 2020/11/30, 23:56:20.908, 9556119530638, testhost.dll, DefaultEngineInvoker.SetParentProcessExitCallback: Monitoring parent process with id: '13712'
TpTrace Information: 0 : 5624, 1, 2020/11/30, 23:56:20.933, 9556119782627, testhost.dll, DefaultEngineInvoker.GetConnectionInfo: Initialize communication on endpoint address: '127.0.0.1:062616'
TpTrace Information: 0 : 5624, 1, 2020/11/30, 23:56:20.985, 9556120302236, testhost.dll, SocketClient.Start: connecting to server endpoint: 127.0.0.1:062616
TpTrace Information: 0 : 5624, 1, 2020/11/30, 23:56:21.013, 9556120584706, testhost.dll, DefaultEngineInvoker.ConnectToDatacollector: Connecting to datacollector, port: 62615
TpTrace Information: 0 : 5624, 4, 2020/11/30, 23:56:21.026, 9556120716838, testhost.dll, SocketClient.OnServerConnected: connected to server endpoint: 127.0.0.1:062616
TpTrace Information: 0 : 5624, 1, 2020/11/30, 23:56:21.033, 9556120790036, testhost.dll, Trying to connect to server on socket : 127.0.0.1:62615 
TpTrace Verbose: 0 : 5624, 1, 2020/11/30, 23:56:21.036, 9556120812808, testhost.dll, SocketCommunicationManager : SetupClientAsync : Attempting to connect to the server.
TpTrace Verbose: 0 : 5624, 4, 2020/11/30, 23:56:21.038, 9556120832230, testhost.dll, Connected to server, and starting MessageLoopAsync
TpTrace Information: 0 : 5624, 1, 2020/11/30, 23:56:21.048, 9556120932830, testhost.dll, Connected to the server successfully 
TpTrace Information: 0 : 5624, 1, 2020/11/30, 23:56:21.048, 9556120935432, testhost.dll, Using the buffer size of 16384 bytes
TpTrace Information: 0 : 5624, 1, 2020/11/30, 23:56:21.054, 9556120991158, testhost.dll, DefaultEngineInvoker.Invoke: Start Request Processing.
TpTrace Verbose: 0 : 5624, 4, 2020/11/30, 23:56:21.057, 9556121026015, testhost.dll, TcpClientExtensions.MessageLoopAsync: Polling on remoteEndPoint: [::ffff:127.0.0.1]:62616 localEndPoint: [::ffff:127.0.0.1]:62617
TpTrace Verbose: 0 : 5624, 4, 2020/11/30, 23:56:21.059, 9556121040875, testhost.dll, TcpClientExtensions.MessageLoopAsync: NotifyDataAvailable remoteEndPoint: [::ffff:127.0.0.1]:62616 localEndPoint: [::ffff:127.0.0.1]:62617
TpTrace Information: 0 : 5624, 11, 2020/11/30, 23:56:21.066, 9556121110860, testhost.dll, DefaultEngineInvoker.StartProcessingAsync: Connected to vstest.console, Starting process requests.
TpTrace Information: 0 : 5624, 4, 2020/11/30, 23:56:22.041, 9556130870105, testhost.dll, TestRequestHandler.ProcessRequests: received message: (ProtocolVersion) -> 3
TpTrace Verbose: 0 : 5624, 4, 2020/11/30, 23:56:22.274, 9556133198967, testhost.dll, TestRequestHandler.SendData:  sending data from testhost: {"Version":2,"MessageType":"TestSession.Message","Payload":{"MessageLevel":0,"Message":"Logging TestHost Diagnostics in file: C:\\Users\\MaNemoj\\source\\repos\\MaNemoj01\\Filmoteka\\Unit Testovi\\bin\\Debug\\fine-code-coverage\\_outputfolder\\diagnostics.host.20-11-30_23-56-19_94581_4.log"}}
TpTrace Verbose: 0 : 5624, 4, 2020/11/30, 23:56:22.275, 9556133206721, testhost.dll, TcpClientExtensions.MessageLoopAsync: Polling on remoteEndPoint: [::ffff:127.0.0.1]:62616 localEndPoint: [::ffff:127.0.0.1]:62617
TpTrace Verbose: 0 : 5624, 4, 2020/11/30, 23:56:22.275, 9556133208996, testhost.dll, TcpClientExtensions.MessageLoopAsync: NotifyDataAvailable remoteEndPoint: [::ffff:127.0.0.1]:62616 localEndPoint: [::ffff:127.0.0.1]:62617
TpTrace Information: 0 : 5624, 4, 2020/11/30, 23:56:22.305, 9556133507335, testhost.dll, TestRequestHandler.ProcessRequests: received message: (TestExecution.Initialize) -> [
  "C:\\Users\\MaNemoj\\source\\repos\\MaNemoj01\\Filmoteka\\Unit Testovi\\bin\\Debug\\fine-code-coverage\\Microsoft.VisualStudio.TestPlatform.MSTest.TestAdapter.dll"
]
TpTrace Information: 0 : 5624, 4, 2020/11/30, 23:56:22.306, 9556133513185, testhost.dll, Execution Session Initialize.
TpTrace Verbose: 0 : 5624, 4, 2020/11/30, 23:56:22.359, 9556134043336, testhost.dll, TcpClientExtensions.MessageLoopAsync: Polling on remoteEndPoint: [::ffff:127.0.0.1]:62616 localEndPoint: [::ffff:127.0.0.1]:62617
TpTrace Verbose: 0 : 5624, 4, 2020/11/30, 23:56:22.359, 9556134046620, testhost.dll, TcpClientExtensions.MessageLoopAsync: NotifyDataAvailable remoteEndPoint: [::ffff:127.0.0.1]:62616 localEndPoint: [::ffff:127.0.0.1]:62617
TpTrace Verbose: 0 : 5624, 5, 2020/11/30, 23:56:22.372, 9556134174547, testhost.dll, TestExecutorService: Loading the extensions
TpTrace Verbose: 0 : 5624, 5, 2020/11/30, 23:56:22.380, 9556134255050, testhost.dll, TestPluginCache.DiscoverTestExtensions: finding test extensions in assemblies endswith: TestAdapter.dll TPluginInfo: Microsoft.VisualStudio.TestPlatform.Common.ExtensionFramework.Utilities.TestExecutorPluginInformation TExtension: Microsoft.VisualStudio.TestPlatform.ObjectModel.Adapter.ITestExecutor
TpTrace Verbose: 0 : 5624, 5, 2020/11/30, 23:56:22.386, 9556134318765, testhost.dll, TestPluginCache.GetExtensionPaths: Filtered extension paths: 
TpTrace Verbose: 0 : 5624, 5, 2020/11/30, 23:56:22.388, 9556134335346, testhost.dll, TestPluginCache.GetExtensionPaths: Added default extension paths: C:\Users\MaNemoj\source\repos\MaNemoj01\Filmoteka\Unit Testovi\bin\Debug\fine-code-coverage\Microsoft.VisualStudio.TestPlatform.MSTest.TestAdapter.dll
TpTrace Verbose: 0 : 5624, 5, 2020/11/30, 23:56:22.388, 9556134338113, testhost.dll, TestPluginCache.GetExtensionPaths: Added unfilterableExtensionPaths: 
TpTrace Information: 0 : 5624, 4, 2020/11/30, 23:56:22.398, 9556134439850, testhost.dll, TestRequestHandler.ProcessRequests: received message: (TestExecution.StartWithSources) -> {
  "AdapterSourceMap": {
    "_none_": [
      "C:\\Users\\MaNemoj\\source\\repos\\MaNemoj01\\Filmoteka\\Unit Testovi\\bin\\Debug\\fine-code-coverage\\Unit Testovi.dll"
    ]
  },
  "RunSettings": "<RunSettings>\r\n  <RunConfiguration>\r\n    <ResultsDirectory>C:\\Users\\MaNemoj\\source\\repos\\MaNemoj01\\Filmoteka\\Unit Testovi\\bin\\Debug\\fine-code-coverage\\_outputfolder</ResultsDirectory>\r\n    <TargetPlatform>X64</TargetPlatform>\r\n    <TargetFrameworkVersion>.NETCoreApp,Version=v3.1</TargetFrameworkVersion>\r\n    <DesignMode>False</DesignMode>\r\n    <CollectSourceInformation>False</CollectSourceInformation>\r\n  </RunConfiguration>\r\n  <LoggerRunSettings>\r\n    <Loggers>\r\n      <Logger friendlyName=\"blame\" enabled=\"True\" />\r\n      <Logger friendlyName=\"Console\" uri=\"logger://microsoft/TestPlatform/ConsoleLogger/v1\" assemblyQualifiedName=\"Microsoft.VisualStudio.TestPlatform.CommandLine.Internal.ConsoleLogger, vstest.console, Version=15.0.0.0, Culture=neutral, PublicKeyToken=b03f5f7f11d50a3a\" codeBase=\"C:\\Program Files\\dotnet\\sdk\\3.1.403\\vstest.console.dll\" enabled=\"True\" />\r\n    </Loggers>\r\n  </LoggerRunSettings>\r\n  <DataCollectionRunSettings>\r\n    <DataCollectors>\r\n      <DataCollector friendlyName=\"blame\" enabled=\"True\">\r\n        <Configuration>\r\n          <ResultsDirectory>C:\\Users\\MaNemoj\\source\\repos\\MaNemoj01\\Filmoteka\\Unit Testovi\\bin\\Debug\\fine-code-coverage\\_outputfolder</ResultsDirectory>\r\n        </Configuration>\r\n      </DataCollector>\r\n    </DataCollectors>\r\n  </DataCollectionRunSettings>\r\n</RunSettings>",
  "TestExecutionContext": {
    "FrequencyOfRunStatsChangeEvent": 10,
    "RunStatsChangeEventTimeout": "00:00:01.5000000",
    "InIsolation": false,
    "KeepAlive": false,
    "AreTestCaseLevelEventsRequired": false,
    "IsDebug": false,
    "TestCaseFilter": null,
    "FilterOptions": null
  },
  "Package": null
}
TpTrace Information: 0 : 5624, 4, 2020/11/30, 23:56:22.399, 9556134445290, testhost.dll, Execution started.
TpTrace Information: 0 : 5624, 5, 2020/11/30, 23:56:22.418, 9556134631795, testhost.dll, AssemblyResolver.ctor: Creating AssemblyResolver with searchDirectories C:\Users\MaNemoj\source\repos\MaNemoj01\Filmoteka\Unit Testovi\bin\Debug\fine-code-coverage
TpTrace Verbose: 0 : 5624, 5, 2020/11/30, 23:56:22.428, 9556134736619, testhost.dll, TestPluginCache.DiscoverTestExtensions: Discovering the extensions using extension path.
TpTrace Verbose: 0 : 5624, 5, 2020/11/30, 23:56:22.429, 9556134741335, testhost.dll, TestPluginCache.GetExtensionPaths: Filtered extension paths: 
TpTrace Verbose: 0 : 5624, 5, 2020/11/30, 23:56:22.429, 9556134743018, testhost.dll, TestPluginCache.GetExtensionPaths: Added default extension paths: C:\Users\MaNemoj\source\repos\MaNemoj01\Filmoteka\Unit Testovi\bin\Debug\fine-code-coverage\Microsoft.VisualStudio.TestPlatform.MSTest.TestAdapter.dll
TpTrace Verbose: 0 : 5624, 5, 2020/11/30, 23:56:22.429, 9556134746217, testhost.dll, TestPluginCache.GetExtensionPaths: Added unfilterableExtensionPaths: 
TpTrace Verbose: 0 : 5624, 5, 2020/11/30, 23:56:22.429, 9556134749643, testhost.dll, TestPluginCache.DiscoverTestExtensions: Discovering the extensions using allExtensionPaths: C:\Users\MaNemoj\source\repos\MaNemoj01\Filmoteka\Unit Testovi\bin\Debug\fine-code-coverage\Microsoft.VisualStudio.TestPlatform.MSTest.TestAdapter.dll
TpTrace Information: 0 : 5624, 5, 2020/11/30, 23:56:22.437, 9556134829761, testhost.dll, AssemblyResolver.AddSearchDirectories: Adding more searchDirectories C:\Users\MaNemoj\source\repos\MaNemoj01\Filmoteka\Unit Testovi\bin\Debug\fine-code-coverage
TpTrace Information: 0 : 5624, 5, 2020/11/30, 23:56:22.486, 9556135313444, testhost.dll, AssemblyResolver.OnResolve: Microsoft.VisualStudio.TestPlatform.MSTest.TestAdapter: Resolving assembly.
TpTrace Information: 0 : 5624, 5, 2020/11/30, 23:56:22.498, 9556135433194, testhost.dll, AssemblyResolver.OnResolve: Resolved assembly: Microsoft.VisualStudio.TestPlatform.MSTest.TestAdapter, from path: C:\Users\MaNemoj\source\repos\MaNemoj01\Filmoteka\Unit Testovi\bin\Debug\fine-code-coverage\Microsoft.VisualStudio.TestPlatform.MSTest.TestAdapter.dll
TpTrace Information: 0 : 5624, 5, 2020/11/30, 23:56:22.514, 9556135592322, testhost.dll, AssemblyResolver.OnResolve: Microsoft.VisualStudio.TestPlatform.MSTestAdapter.PlatformServices.Interface: Resolving assembly.
TpTrace Information: 0 : 5624, 5, 2020/11/30, 23:56:22.517, 9556135625956, testhost.dll, AssemblyResolver.OnResolve: Resolved assembly: Microsoft.VisualStudio.TestPlatform.MSTestAdapter.PlatformServices.Interface, from path: C:\Users\MaNemoj\source\repos\MaNemoj01\Filmoteka\Unit Testovi\bin\Debug\fine-code-coverage\Microsoft.VisualStudio.TestPlatform.MSTestAdapter.PlatformServices.Interface.dll
TpTrace Information: 0 : 5624, 5, 2020/11/30, 23:56:22.519, 9556135641549, testhost.dll, AssemblyResolver.OnResolve: Microsoft.VisualStudio.TestPlatform.MSTestAdapter.PlatformServices: Resolving assembly.
TpTrace Information: 0 : 5624, 5, 2020/11/30, 23:56:22.523, 9556135691188, testhost.dll, AssemblyResolver.OnResolve: Resolved assembly: Microsoft.VisualStudio.TestPlatform.MSTestAdapter.PlatformServices, from path: C:\Users\MaNemoj\source\repos\MaNemoj01\Filmoteka\Unit Testovi\bin\Debug\fine-code-coverage\Microsoft.VisualStudio.TestPlatform.MSTestAdapter.PlatformServices.dll
TpTrace Verbose: 0 : 5624, 5, 2020/11/30, 23:56:22.556, 9556136013717, testhost.dll, TestPluginCache: Discovered the extensions using extension path ''.
TpTrace Verbose: 0 : 5624, 5, 2020/11/30, 23:56:22.559, 9556136046332, testhost.dll, TestPluginCache: Discoverers are ''.
TpTrace Verbose: 0 : 5624, 5, 2020/11/30, 23:56:22.560, 9556136050790, testhost.dll, TestPluginCache: Executors are 'executor://MSTestAdapter/v2'.
TpTrace Verbose: 0 : 5624, 5, 2020/11/30, 23:56:22.560, 9556136058125, testhost.dll, TestPluginCache: Setting providers are ''.
TpTrace Verbose: 0 : 5624, 5, 2020/11/30, 23:56:22.562, 9556136072973, testhost.dll, TestPluginCache: Loggers are ''.
TpTrace Information: 0 : 5624, 5, 2020/11/30, 23:56:22.610, 9556136556502, testhost.dll, TestPluginManager.CreateTestExtension: Attempting to load test extension: Microsoft.VisualStudio.TestPlatform.MSTest.TestAdapter.MSTestExecutor
TpTrace Verbose: 0 : 5624, 4, 2020/11/30, 23:56:22.670, 9556137157439, testhost.dll, TcpClientExtensions.MessageLoopAsync: Polling on remoteEndPoint: [::ffff:127.0.0.1]:62616 localEndPoint: [::ffff:127.0.0.1]:62617
TpTrace Verbose: 0 : 5624, 5, 2020/11/30, 23:56:22.673, 9556137183985, testhost.dll, TestExecutorExtensionManager: Loading executor Microsoft.VisualStudio.TestPlatform.MSTest.TestAdapter.MSTestExecutor
TpTrace Verbose: 0 : 5624, 5, 2020/11/30, 23:56:22.673, 9556137186600, testhost.dll, TestExecutorService: Loaded the executors
TpTrace Verbose: 0 : 5624, 5, 2020/11/30, 23:56:22.678, 9556137232056, testhost.dll, TestPluginCache.DiscoverTestExtensions: finding test extensions in assemblies endswith: TestAdapter.dll TPluginInfo: Microsoft.VisualStudio.TestPlatform.Common.ExtensionFramework.Utilities.TestSettingsProviderPluginInformation TExtension: Microsoft.VisualStudio.TestPlatform.ObjectModel.Adapter.ISettingsProvider
TpTrace Verbose: 0 : 5624, 5, 2020/11/30, 23:56:22.681, 9556137265006, testhost.dll, TestPluginCache.GetExtensionPaths: Filtered extension paths: 
TpTrace Verbose: 0 : 5624, 5, 2020/11/30, 23:56:22.681, 9556137269728, testhost.dll, TestPluginCache.GetExtensionPaths: Added default extension paths: C:\Users\MaNemoj\source\repos\MaNemoj01\Filmoteka\Unit Testovi\bin\Debug\fine-code-coverage\Microsoft.VisualStudio.TestPlatform.MSTest.TestAdapter.dll
TpTrace Verbose: 0 : 5624, 5, 2020/11/30, 23:56:22.682, 9556137271667, testhost.dll, TestPluginCache.GetExtensionPaths: Added unfilterableExtensionPaths: 
TpTrace Information: 0 : 5624, 5, 2020/11/30, 23:56:22.682, 9556137278018, testhost.dll, AssemblyResolver.AddSearchDirectories: Adding more searchDirectories C:\Users\MaNemoj\source\repos\MaNemoj01\Filmoteka\Unit Testovi\bin\Debug\fine-code-coverage
TpTrace Verbose: 0 : 5624, 5, 2020/11/30, 23:56:22.682, 9556137280252, testhost.dll, TestPluginCache.DiscoverTestExtensions: Discovering the extensions using extension path.
TpTrace Verbose: 0 : 5624, 5, 2020/11/30, 23:56:22.683, 9556137281872, testhost.dll, TestPluginCache.GetExtensionPaths: Filtered extension paths: 
TpTrace Verbose: 0 : 5624, 5, 2020/11/30, 23:56:22.683, 9556137283391, testhost.dll, TestPluginCache.GetExtensionPaths: Added default extension paths: C:\Users\MaNemoj\source\repos\MaNemoj01\Filmoteka\Unit Testovi\bin\Debug\fine-code-coverage\Microsoft.VisualStudio.TestPlatform.MSTest.TestAdapter.dll
TpTrace Verbose: 0 : 5624, 5, 2020/11/30, 23:56:22.683, 9556137284886, testhost.dll, TestPluginCache.GetExtensionPaths: Added unfilterableExtensionPaths: 
TpTrace Verbose: 0 : 5624, 5, 2020/11/30, 23:56:22.683, 9556137286544, testhost.dll, TestPluginCache.DiscoverTestExtensions: Discovering the extensions using allExtensionPaths: C:\Users\MaNemoj\source\repos\MaNemoj01\Filmoteka\Unit Testovi\bin\Debug\fine-code-coverage\Microsoft.VisualStudio.TestPlatform.MSTest.TestAdapter.dll
TpTrace Information: 0 : 5624, 5, 2020/11/30, 23:56:22.683, 9556137288719, testhost.dll, AssemblyResolver.AddSearchDirectories: Adding more searchDirectories C:\Users\MaNemoj\source\repos\MaNemoj01\Filmoteka\Unit Testovi\bin\Debug\fine-code-coverage
TpTrace Verbose: 0 : 5624, 5, 2020/11/30, 23:56:22.685, 9556137305789, testhost.dll, TestPluginCache: Discovered the extensions using extension path ''.
TpTrace Verbose: 0 : 5624, 5, 2020/11/30, 23:56:22.685, 9556137307966, testhost.dll, TestPluginCache: Discoverers are ''.
TpTrace Verbose: 0 : 5624, 5, 2020/11/30, 23:56:22.685, 9556137310218, testhost.dll, TestPluginCache: Executors are 'executor://MSTestAdapter/v2'.
TpTrace Verbose: 0 : 5624, 5, 2020/11/30, 23:56:22.686, 9556137312983, testhost.dll, TestPluginCache: Setting providers are ''.
TpTrace Verbose: 0 : 5624, 5, 2020/11/30, 23:56:22.686, 9556137314588, testhost.dll, TestPluginCache: Loggers are ''.
TpTrace Verbose: 0 : 5624, 5, 2020/11/30, 23:56:22.692, 9556137372054, testhost.dll, TestExecutorService: Loaded the settings providers
TpTrace Information: 0 : 5624, 5, 2020/11/30, 23:56:22.692, 9556137375848, testhost.dll, TestExecutorService: Loaded the extensions
TpTrace Information: 0 : 5624, 5, 2020/11/30, 23:56:23.104, 9556141494655, testhost.dll, TestDiscoveryManager: Discovering tests from sources C:\Users\MaNemoj\source\repos\MaNemoj01\Filmoteka\Unit Testovi\bin\Debug\fine-code-coverage\Unit Testovi.dll
TpTrace Verbose: 0 : 5624, 5, 2020/11/30, 23:56:23.110, 9556141557227, testhost.dll, TestPluginCache.DiscoverTestExtensions: finding test extensions in assemblies endswith: TestAdapter.dll TPluginInfo: Microsoft.VisualStudio.TestPlatform.Common.ExtensionFramework.Utilities.TestDiscovererPluginInformation TExtension: Microsoft.VisualStudio.TestPlatform.ObjectModel.Adapter.ITestDiscoverer
TpTrace Verbose: 0 : 5624, 5, 2020/11/30, 23:56:23.111, 9556141565621, testhost.dll, TestPluginCache.GetExtensionPaths: Filtered extension paths: 
TpTrace Verbose: 0 : 5624, 5, 2020/11/30, 23:56:23.111, 9556141567251, testhost.dll, TestPluginCache.GetExtensionPaths: Added default extension paths: C:\Users\MaNemoj\source\repos\MaNemoj01\Filmoteka\Unit Testovi\bin\Debug\fine-code-coverage\Microsoft.VisualStudio.TestPlatform.MSTest.TestAdapter.dll
TpTrace Verbose: 0 : 5624, 5, 2020/11/30, 23:56:23.111, 9556141568220, testhost.dll, TestPluginCache.GetExtensionPaths: Added unfilterableExtensionPaths: 
TpTrace Information: 0 : 5624, 5, 2020/11/30, 23:56:23.112, 9556141571980, testhost.dll, AssemblyResolver.AddSearchDirectories: Adding more searchDirectories C:\Users\MaNemoj\source\repos\MaNemoj01\Filmoteka\Unit Testovi\bin\Debug\fine-code-coverage
TpTrace Verbose: 0 : 5624, 5, 2020/11/30, 23:56:23.112, 9556141573584, testhost.dll, TestPluginCache.DiscoverTestExtensions: Discovering the extensions using extension path.
TpTrace Verbose: 0 : 5624, 5, 2020/11/30, 23:56:23.112, 9556141574791, testhost.dll, TestPluginCache.GetExtensionPaths: Filtered extension paths: 
TpTrace Verbose: 0 : 5624, 5, 2020/11/30, 23:56:23.112, 9556141576040, testhost.dll, TestPluginCache.GetExtensionPaths: Added default extension paths: C:\Users\MaNemoj\source\repos\MaNemoj01\Filmoteka\Unit Testovi\bin\Debug\fine-code-coverage\Microsoft.VisualStudio.TestPlatform.MSTest.TestAdapter.dll
TpTrace Verbose: 0 : 5624, 5, 2020/11/30, 23:56:23.112, 9556141577293, testhost.dll, TestPluginCache.GetExtensionPaths: Added unfilterableExtensionPaths: 
TpTrace Verbose: 0 : 5624, 5, 2020/11/30, 23:56:23.112, 9556141578647, testhost.dll, TestPluginCache.DiscoverTestExtensions: Discovering the extensions using allExtensionPaths: C:\Users\MaNemoj\source\repos\MaNemoj01\Filmoteka\Unit Testovi\bin\Debug\fine-code-coverage\Microsoft.VisualStudio.TestPlatform.MSTest.TestAdapter.dll
TpTrace Information: 0 : 5624, 5, 2020/11/30, 23:56:23.113, 9556141580959, testhost.dll, AssemblyResolver.AddSearchDirectories: Adding more searchDirectories C:\Users\MaNemoj\source\repos\MaNemoj01\Filmoteka\Unit Testovi\bin\Debug\fine-code-coverage
TpTrace Verbose: 0 : 5624, 5, 2020/11/30, 23:56:23.123, 9556141681186, testhost.dll, TestPluginCache: Discovered the extensions using extension path ''.
TpTrace Verbose: 0 : 5624, 5, 2020/11/30, 23:56:23.123, 9556141683315, testhost.dll, TestPluginCache: Discoverers are 'Microsoft.VisualStudio.TestPlatform.MSTest.TestAdapter.MSTestDiscoverer, Microsoft.VisualStudio.TestPlatform.MSTest.TestAdapter, Version=14.0.0.0, Culture=neutral, PublicKeyToken=b03f5f7f11d50a3a'.
TpTrace Verbose: 0 : 5624, 5, 2020/11/30, 23:56:23.123, 9556141684347, testhost.dll, TestPluginCache: Executors are 'executor://MSTestAdapter/v2'.
TpTrace Verbose: 0 : 5624, 5, 2020/11/30, 23:56:23.123, 9556141685319, testhost.dll, TestPluginCache: Setting providers are ''.
TpTrace Verbose: 0 : 5624, 5, 2020/11/30, 23:56:23.123, 9556141686169, testhost.dll, TestPluginCache: Loggers are ''.
TpTrace Verbose: 0 : 5624, 5, 2020/11/30, 23:56:23.141, 9556141869705, testhost.dll, BaseRunTests.RunTestInternalWithExecutors: Running tests for executor://MSTestAdapter/v2
TpTrace Information: 0 : 5624, 5, 2020/11/30, 23:56:23.281, 9556143263017, testhost.dll, AssemblyResolver.OnResolve: Microsoft.VisualStudio.TestPlatform.MSTestAdapter.PlatformServices.resources: Resolving assembly.
TpTrace Information: 0 : 5624, 5, 2020/11/30, 23:56:23.281, 9556143268746, testhost.dll, AssemblyResolver.OnResolve: Microsoft.VisualStudio.TestPlatform.MSTestAdapter.PlatformServices.resources: Failed to load assembly.
TpTrace Information: 0 : 5624, 5, 2020/11/30, 23:56:23.282, 9556143279936, testhost.dll, AssemblyResolver.OnResolve: Microsoft.VisualStudio.TestPlatform.MSTestAdapter.PlatformServices.resources: Resolving assembly.
TpTrace Information: 0 : 5624, 5, 2020/11/30, 23:56:23.283, 9556143281796, testhost.dll, AssemblyResolver.OnResolve: Microsoft.VisualStudio.TestPlatform.MSTestAdapter.PlatformServices.resources: Resolved from cache.
TpTrace Verbose: 0 : 5624, 5, 2020/11/30, 23:56:23.332, 9556143773606, testhost.dll, TestExecutionRecorder.RecordStart: Starting test: Unit_Testovi.NoviTestovi.TestZamjenskiObjekat.
TpTrace Verbose: 0 : 5624, 4, 2020/11/30, 23:56:23.674, 9556147193226, testhost.dll, TcpClientExtensions.MessageLoopAsync: Polling on remoteEndPoint: [::ffff:127.0.0.1]:62616 localEndPoint: [::ffff:127.0.0.1]:62617
TpTrace Verbose: 0 : 5624, 5, 2020/11/30, 23:56:23.835, 9556148804281, testhost.dll, TestExecutionRecorder.RecordEnd: test: Unit_Testovi.NoviTestovi.TestZamjenskiObjekat execution completed.
TpTrace Verbose: 0 : 5624, 5, 2020/11/30, 23:56:24.027, 9556150730197, testhost.dll, TestExecutionRecorder.RecordResult: Received result for test: Unit_Testovi.NoviTestovi.TestZamjenskiObjekat.
TpTrace Warning: 0 : 5624, 5, 2020/11/30, 23:56:24.045, 9556150907378, testhost.dll, InProgressTests is null
TpTrace Warning: 0 : 5624, 5, 2020/11/30, 23:56:24.059, 9556151041999, testhost.dll, TestRunCache: No test found corresponding to testResult 'TestZamjenskiObjekat  Passed' in inProgress list.
TpTrace Verbose: 0 : 5624, 5, 2020/11/30, 23:56:24.060, 9556151050487, testhost.dll, TestExecutionRecorder.RecordStart: Starting test: Unit_Testovi.NoviTestovi.TestDodajNastavakIstiGlumci.
TpTrace Information: 0 : 5624, 5, 2020/11/30, 23:56:24.079, 9556151241250, testhost.dll, AssemblyResolver.OnResolve: Microsoft.VisualStudio.TestPlatform.MSTest.TestAdapter.resources: Resolving assembly.
TpTrace Information: 0 : 5624, 5, 2020/11/30, 23:56:24.079, 9556151248445, testhost.dll, AssemblyResolver.OnResolve: Microsoft.VisualStudio.TestPlatform.MSTest.TestAdapter.resources: Failed to load assembly.
TpTrace Verbose: 0 : 5624, 5, 2020/11/30, 23:56:24.203, 9556152486611, testhost.dll, TestExecutionRecorder.RecordEnd: test: Unit_Testovi.NoviTestovi.TestDodajNastavakIstiGlumci execution completed.
TpTrace Verbose: 0 : 5624, 5, 2020/11/30, 23:56:24.210, 9556152554649, testhost.dll, TestExecutionRecorder.RecordResult: Received result for test: Unit_Testovi.NoviTestovi.TestDodajNastavakIstiGlumci.
TpTrace Warning: 0 : 5624, 5, 2020/11/30, 23:56:24.210, 9556152557695, testhost.dll, InProgressTests is null
TpTrace Warning: 0 : 5624, 5, 2020/11/30, 23:56:24.212, 9556152571625, testhost.dll, TestRunCache: No test found corresponding to testResult 'TestDodajNastavakIstiGlumci  Failed
  Message: Test method Unit_Testovi.NoviTestovi.TestDodajNastavakIstiGlumci threw exception: 
System.NotImplementedException: The method or operation is not implemented.
  StackTrace:
    at Filmoteka.Filmoteka.DodajNastavak(Film film, Double rating, Boolean istiGlumci, List`1 noviGlumci) in C:\Users\MaNemoj\source\repos\MaNemoj01\Filmoteka\Filmoteka\Filmoteka.cs:line 133
   at Unit_Testovi.NoviTestovi.TestDodajNastavakIstiGlumci() in C:\Users\MaNemoj\source\repos\MaNemoj01\Filmoteka\Unit Testovi\NoviTestovi.cs:line 46
' in inProgress list.
TpTrace Verbose: 0 : 5624, 5, 2020/11/30, 23:56:24.212, 9556152575623, testhost.dll, TestExecutionRecorder.RecordStart: Starting test: Unit_Testovi.NoviTestovi.TestDodajNastavakRazlicitiGlumci.
TpTrace Verbose: 0 : 5624, 5, 2020/11/30, 23:56:24.221, 9556152665407, testhost.dll, TestExecutionRecorder.RecordEnd: test: Unit_Testovi.NoviTestovi.TestDodajNastavakRazlicitiGlumci execution completed.
TpTrace Verbose: 0 : 5624, 5, 2020/11/30, 23:56:24.234, 9556152799861, testhost.dll, TestExecutionRecorder.RecordResult: Received result for test: Unit_Testovi.NoviTestovi.TestDodajNastavakRazlicitiGlumci.
TpTrace Warning: 0 : 5624, 5, 2020/11/30, 23:56:24.235, 9556152802727, testhost.dll, InProgressTests is null
TpTrace Warning: 0 : 5624, 5, 2020/11/30, 23:56:24.235, 9556152804694, testhost.dll, TestRunCache: No test found corresponding to testResult 'TestDodajNastavakRazlicitiGlumci  Failed
  Message: Test method Unit_Testovi.NoviTestovi.TestDodajNastavakRazlicitiGlumci threw exception: 
System.NotImplementedException: The method or operation is not implemented.
  StackTrace:
    at Filmoteka.Filmoteka.DodajNastavak(Film film, Double rating, Boolean istiGlumci, List`1 noviGlumci) in C:\Users\MaNemoj\source\repos\MaNemoj01\Filmoteka\Filmoteka\Filmoteka.cs:line 133
   at Unit_Testovi.NoviTestovi.TestDodajNastavakRazlicitiGlumci() in C:\Users\MaNemoj\source\repos\MaNemoj01\Filmoteka\Unit Testovi\NoviTestovi.cs:line 59
' in inProgress list.
TpTrace Verbose: 0 : 5624, 5, 2020/11/30, 23:56:24.235, 9556152807089, testhost.dll, TestExecutionRecorder.RecordStart: Starting test: Unit_Testovi.NoviTestovi.TestDodajNastavakIzuzetak.
TpTrace Information: 0 : 5624, 5, 2020/11/30, 23:56:24.246, 9556152912265, testhost.dll, AssemblyResolver.OnResolve: Microsoft.VisualStudio.TestPlatform.TestFramework.resources: Resolving assembly.
TpTrace Information: 0 : 5624, 5, 2020/11/30, 23:56:24.246, 9556152917554, testhost.dll, AssemblyResolver.OnResolve: Microsoft.VisualStudio.TestPlatform.TestFramework.resources: Failed to load assembly.
TpTrace Verbose: 0 : 5624, 5, 2020/11/30, 23:56:24.249, 9556152948949, testhost.dll, TestExecutionRecorder.RecordEnd: test: Unit_Testovi.NoviTestovi.TestDodajNastavakIzuzetak execution completed.
TpTrace Verbose: 0 : 5624, 5, 2020/11/30, 23:56:24.254, 9556152995958, testhost.dll, TestExecutionRecorder.RecordResult: Received result for test: Unit_Testovi.NoviTestovi.TestDodajNastavakIzuzetak.
TpTrace Warning: 0 : 5624, 5, 2020/11/30, 23:56:24.254, 9556152998157, testhost.dll, InProgressTests is null
TpTrace Warning: 0 : 5624, 5, 2020/11/30, 23:56:24.254, 9556152999521, testhost.dll, TestRunCache: No test found corresponding to testResult 'TestDodajNastavakIzuzetak  Failed
  Message: Test method threw exception System.NotImplementedException, but exception System.ArgumentNullException was expected. Exception message: System.NotImplementedException: The method or operation is not implemented.
  StackTrace:
   at Filmoteka.Filmoteka.DodajNastavak(Film film, Double rating, Boolean istiGlumci, List`1 noviGlumci) in C:\Users\MaNemoj\source\repos\MaNemoj01\Filmoteka\Filmoteka\Filmoteka.cs:line 133
   at Unit_Testovi.NoviTestovi.TestDodajNastavakIzuzetak() in C:\Users\MaNemoj\source\repos\MaNemoj01\Filmoteka\Unit Testovi\NoviTestovi.cs:line 72
' in inProgress list.
TpTrace Verbose: 0 : 5624, 5, 2020/11/30, 23:56:24.265, 9556153100560, testhost.dll, BaseRunTests.RunTestInternalWithExecutors: Completed running tests for executor://MSTestAdapter/v2
TpTrace Information: 0 : 5624, 5, 2020/11/30, 23:56:24.284, 9556153292122, testhost.dll, Sending test run complete
TpTrace Verbose: 0 : 5624, 5, 2020/11/30, 23:56:24.510, 9556155556903, testhost.dll, TestRequestHandler.SendData:  sending data from testhost: {"Version":2,"MessageType":"TestExecution.Completed","Payload":{"TestRunCompleteArgs":{"TestRunStatistics":{"ExecutedTests":4,"Stats":{"Passed":1,"Failed":3}},"IsCanceled":false,"IsAborted":false,"Error":null,"AttachmentSets":[],"ElapsedTimeInRunningTests":"00:00:01.1363087","Metrics":{}},"LastRunTests":{"NewTestResults":[{"TestCase":{"Id":"aef9dec6-1181-fac1-2596-b31421e8da47","FullyQualifiedName":"Unit_Testovi.NoviTestovi.TestZamjenskiObjekat","DisplayName":"TestZamjenskiObjekat","ExecutorUri":"executor://MSTestAdapter/v2","Source":"C:\\Users\\MaNemoj\\source\\repos\\MaNemoj01\\Filmoteka\\Unit Testovi\\bin\\Debug\\fine-code-coverage\\Unit Testovi.dll","CodeFilePath":null,"LineNumber":-1,"Properties":[{"Key":{"Id":"MSTestDiscoverer.TestClassName","Label":"ClassName","Category":"","Description":"","Attributes":1,"ValueType":"System.String"},"Value":"Unit_Testovi.NoviTestovi"},{"Key":{"Id":"TestObject.Traits","Label":"Traits","Category":"","Description":"","Attributes":5,"ValueType":"System.Collections.Generic.KeyValuePair`2[[System.String],[System.String]][]"},"Value":[]}]},"Attachments":[],"Outcome":1,"ErrorMessage":null,"ErrorStackTrace":null,"DisplayName":null,"Messages":[],"ComputerName":null,"Duration":"00:00:00.0440562","StartTime":"2020-11-30T23:56:23.5774554+01:00","EndTime":"2020-11-30T23:56:23.8061035+01:00","Properties":[{"Key":{"Id":"ExecutionId","Label":"ExecutionId","Category":"","Description":"","Attributes":1,"ValueType":"System.Guid"},"Value":"00000000-0000-0000-0000-000000000000"},{"Key":{"Id":"ParentExecId","Label":"ParentExecId","Category":"","Description":"","Attributes":1,"ValueType":"System.Guid"},"Value":"00000000-0000-0000-0000-000000000000"},{"Key":{"Id":"InnerResultsCount","Label":"InnerResultsCount","Category":"","Description":"","Attributes":1,"ValueType":"System.Int32"},"Value":0}]},{"TestCase":{"Id":"307a9543-71bf-45b1-736e-e86a33581b25","FullyQualifiedName":"Unit_Testovi.NoviTestovi.TestDodajNastavakIstiGlumci","DisplayName":"TestDodajNastavakIstiGlumci","ExecutorUri":"executor://MSTestAdapter/v2","Source":"C:\\Users\\MaNemoj\\source\\repos\\MaNemoj01\\Filmoteka\\Unit Testovi\\bin\\Debug\\fine-code-coverage\\Unit Testovi.dll","CodeFilePath":null,"LineNumber":-1,"Properties":[{"Key":{"Id":"MSTestDiscoverer.TestClassName","Label":"ClassName","Category":"","Description":"","Attributes":1,"ValueType":"System.String"},"Value":"Unit_Testovi.NoviTestovi"},{"Key":{"Id":"TestObject.Traits","Label":"Traits","Category":"","Description":"","Attributes":5,"ValueType":"System.Collections.Generic.KeyValuePair`2[[System.String],[System.String]][]"},"Value":[]}]},"Attachments":[],"Outcome":2,"ErrorMessage":"Test method Unit_Testovi.NoviTestovi.TestDodajNastavakIstiGlumci threw exception: \r\nSystem.NotImplementedException: The method or operation is not implemented.","ErrorStackTrace":"    at Filmoteka.Filmoteka.DodajNastavak(Film film, Double rating, Boolean istiGlumci, List`1 noviGlumci) in C:\\Users\\MaNemoj\\source\\repos\\MaNemoj01\\Filmoteka\\Filmoteka\\Filmoteka.cs:line 133\r\n   at Unit_Testovi.NoviTestovi.TestDodajNastavakIstiGlumci() in C:\\Users\\MaNemoj\\source\\repos\\MaNemoj01\\Filmoteka\\Unit Testovi\\NoviTestovi.cs:line 46\r\n","DisplayName":null,"Messages":[],"ComputerName":null,"Duration":"00:00:00.1310928","StartTime":"2020-11-30T23:56:24.0672398+01:00","EndTime":"2020-11-30T23:56:24.2035171+01:00","Properties":[{"Key":{"Id":"ExecutionId","Label":"ExecutionId","Category":"","Description":"","Attributes":1,"ValueType":"System.Guid"},"Value":"00000000-0000-0000-0000-000000000000"},{"Key":{"Id":"ParentExecId","Label":"ParentExecId","Category":"","Description":"","Attributes":1,"ValueType":"System.Guid"},"Value":"00000000-0000-0000-0000-000000000000"},{"Key":{"Id":"InnerResultsCount","Label":"InnerResultsCount","Category":"","Description":"","Attributes":1,"ValueType":"System.Int32"},"Value":0}]},{"TestCase":{"Id":"ccc8a4b1-0bba-0d1f-634a-2a0e08c0293a","FullyQualifiedName":"Unit_Testovi.NoviTestovi.TestDodajNastavakRazlicitiGlumci","DisplayName":"TestDodajNastavakRazlicitiGlumci","ExecutorUri":"executor://MSTestAdapter/v2","Source":"C:\\Users\\MaNemoj\\source\\repos\\MaNemoj01\\Filmoteka\\Unit Testovi\\bin\\Debug\\fine-code-coverage\\Unit Testovi.dll","CodeFilePath":null,"LineNumber":-1,"Properties":[{"Key":{"Id":"MSTestDiscoverer.TestClassName","Label":"ClassName","Category":"","Description":"","Attributes":1,"ValueType":"System.String"},"Value":"Unit_Testovi.NoviTestovi"},{"Key":{"Id":"TestObject.Traits","Label":"Traits","Category":"","Description":"","Attributes":5,"ValueType":"System.Collections.Generic.KeyValuePair`2[[System.String],[System.String]][]"},"Value":[]}]},"Attachments":[],"Outcome":2,"ErrorMessage":"Test method Unit_Testovi.NoviTestovi.TestDodajNastavakRazlicitiGlumci threw exception: \r\nSystem.NotImplementedException: The method or operation is not implemented.","ErrorStackTrace":"    at Filmoteka.Filmoteka.DodajNastavak(Film film, Double rating, Boolean istiGlumci, List`1 noviGlumci) in C:\\Users\\MaNemoj\\source\\repos\\MaNemoj01\\Filmoteka\\Filmoteka\\Filmoteka.cs:line 133\r\n   at Unit_Testovi.NoviTestovi.TestDodajNastavakRazlicitiGlumci() in C:\\Users\\MaNemoj\\source\\repos\\MaNemoj01\\Filmoteka\\Unit Testovi\\NoviTestovi.cs:line 59\r\n","DisplayName":null,"Messages":[],"ComputerName":null,"Duration":"00:00:00.0033814","StartTime":"2020-11-30T23:56:24.217559+01:00","EndTime":"2020-11-30T23:56:24.2214607+01:00","Properties":[{"Key":{"Id":"ExecutionId","Label":"ExecutionId","Category":"","Description":"","Attributes":1,"ValueType":"System.Guid"},"Value":"00000000-0000-0000-0000-000000000000"},{"Key":{"Id":"ParentExecId","Label":"ParentExecId","Category":"","Description":"","Attributes":1,"ValueType":"System.Guid"},"Value":"00000000-0000-0000-0000-000000000000"},{"Key":{"Id":"InnerResultsCount","Label":"InnerResultsCount","Category":"","Description":"","Attributes":1,"ValueType":"System.Int32"},"Value":0}]},{"TestCase":{"Id":"83c1ddde-4e31-66fc-a376-4096e8037e77","FullyQualifiedName":"Unit_Testovi.NoviTestovi.TestDodajNastavakIzuzetak","DisplayName":"TestDodajNastavakIzuzetak","ExecutorUri":"executor://MSTestAdapter/v2","Source":"C:\\Users\\MaNemoj\\source\\repos\\MaNemoj01\\Filmoteka\\Unit Testovi\\bin\\Debug\\fine-code-coverage\\Unit Testovi.dll","CodeFilePath":null,"LineNumber":-1,"Properties":[{"Key":{"Id":"MSTestDiscoverer.TestClassName","Label":"ClassName","Category":"","Description":"","Attributes":1,"ValueType":"System.String"},"Value":"Unit_Testovi.NoviTestovi"},{"Key":{"Id":"TestObject.Traits","Label":"Traits","Category":"","Description":"","Attributes":5,"ValueType":"System.Collections.Generic.KeyValuePair`2[[System.String],[System.String]][]"},"Value":[]}]},"Attachments":[],"Outcome":2,"ErrorMessage":"Test method threw exception System.NotImplementedException, but exception System.ArgumentNullException was expected. Exception message: System.NotImplementedException: The method or operation is not implemented.","ErrorStackTrace":"   at Filmoteka.Filmoteka.DodajNastavak(Film film, Double rating, Boolean istiGlumci, List`1 noviGlumci) in C:\\Users\\MaNemoj\\source\\repos\\MaNemoj01\\Filmoteka\\Filmoteka\\Filmoteka.cs:line 133\r\n   at Unit_Testovi.NoviTestovi.TestDodajNastavakIzuzetak() in C:\\Users\\MaNemoj\\source\\repos\\MaNemoj01\\Filmoteka\\Unit Testovi\\NoviTestovi.cs:line 72\r\n","DisplayName":null,"Messages":[],"ComputerName":null,"Duration":"00:00:00.0092206","StartTime":"2020-11-30T23:56:24.2397508+01:00","EndTime":"2020-11-30T23:56:24.2498072+01:00","Properties":[{"Key":{"Id":"ExecutionId","Label":"ExecutionId","Category":"","Description":"","Attributes":1,"ValueType":"System.Guid"},"Value":"00000000-0000-0000-0000-000000000000"},{"Key":{"Id":"ParentExecId","Label":"ParentExecId","Category":"","Description":"","Attributes":1,"ValueType":"System.Guid"},"Value":"00000000-0000-0000-0000-000000000000"},{"Key":{"Id":"InnerResultsCount","Label":"InnerResultsCount","Category":"","Description":"","Attributes":1,"ValueType":"System.Int32"},"Value":0}]}],"TestRunStatistics":{"ExecutedTests":4,"Stats":{"Passed":1,"Failed":3}},"ActiveTests":[]},"RunAttachments":[],"ExecutorUris":["executor://mstestadapter/v2"]}}
TpTrace Verbose: 0 : 5624, 5, 2020/11/30, 23:56:24.512, 9556155574841, testhost.dll, BaseRunTests.RunTests: Run is complete.
TpTrace Verbose: 0 : 5624, 4, 2020/11/30, 23:56:24.527, 9556155726244, testhost.dll, TcpClientExtensions.MessageLoopAsync: NotifyDataAvailable remoteEndPoint: [::ffff:127.0.0.1]:62616 localEndPoint: [::ffff:127.0.0.1]:62617
TpTrace Information: 0 : 5624, 4, 2020/11/30, 23:56:24.528, 9556155732598, testhost.dll, TestRequestHandler.ProcessRequests: received message: (TestSession.Terminate) -> null
TpTrace Information: 0 : 5624, 4, 2020/11/30, 23:56:24.528, 9556155734786, testhost.dll, Session End message received from server. Closing the connection.
TpTrace Information: 0 : 5624, 4, 2020/11/30, 23:56:24.529, 9556155749566, testhost.dll, SocketClient.Stop: Stop communication from server endpoint: 127.0.0.1:062616
TpTrace Information: 0 : 5624, 4, 2020/11/30, 23:56:24.530, 9556155752503, testhost.dll, SocketClient: Stop: Cancellation requested. Stopping message loop.
TpTrace Verbose: 0 : 5624, 4, 2020/11/30, 23:56:24.531, 9556155768205, testhost.dll, LengthPrefixCommunicationChannel.Dispose: Dispose reader and writer.
TpTrace Information: 0 : 5624, 4, 2020/11/30, 23:56:24.532, 9556155771099, testhost.dll, Closing the connection !
TpTrace Information: 0 : 5624, 4, 2020/11/30, 23:56:24.533, 9556155785775, testhost.dll, SocketClient.PrivateStop: Stop communication from server endpoint: 127.0.0.1:062616, error:
TpTrace Verbose: 0 : 5624, 4, 2020/11/30, 23:56:24.536, 9556155812219, testhost.dll, LengthPrefixCommunicationChannel.Dispose: Dispose reader and writer.
TpTrace Information: 0 : 5624, 1, 2020/11/30, 23:56:24.536, 9556155813209, testhost.dll, Closing the connection !
TpTrace Verbose: 0 : 5624, 4, 2020/11/30, 23:56:24.536, 9556155815334, testhost.dll, TcpClientExtensions.MessageLoopAsync: exiting MessageLoopAsync remoteEndPoint: [::ffff:127.0.0.1]:62616 localEndPoint: [::ffff:127.0.0.1]:62617
TpTrace Information: 0 : 5624, 1, 2020/11/30, 23:56:24.536, 9556155817195, testhost.dll, SocketClient.Stop: Stop communication from server endpoint: 127.0.0.1:062616
TpTrace Verbose: 0 : 5624, 1, 2020/11/30, 23:56:24.536, 9556155820128, testhost.dll, LengthPrefixCommunicationChannel.Dispose: Dispose reader and writer.
TpTrace Information: 0 : 5624, 1, 2020/11/30, 23:56:24.537, 9556155826398, testhost.dll, Testhost process exiting.
