TpTrace Information: 0 : 13712, 1, 2020/11/30, 23:56:17.451, 9556085050192, vstest.console.dll, FilePatternParser: The given file C:\Users\MaNemoj\source\repos\MaNemoj01\Filmoteka\Unit Testovi\bin\Debug\fine-code-coverage\Unit Testovi.dll is a full path.
TpTrace Verbose: 0 : 13712, 1, 2020/11/30, 23:56:17.491, 9556085360925, vstest.console.dll, TestPluginCache.DiscoverTestExtensions: finding test extensions in assemblies ends with: RuntimeProvider.dll TPluginInfo: Microsoft.VisualStudio.TestPlatform.Common.ExtensionFramework.Utilities.TestRuntimePluginInformation TExtension: Microsoft.VisualStudio.TestPlatform.ObjectModel.Host.ITestRuntimeProvider
TpTrace Verbose: 0 : 13712, 1, 2020/11/30, 23:56:17.492, 9556085376078, vstest.console.dll, TestPluginCache.GetExtensionPaths: Filtered extension paths: 
TpTrace Verbose: 0 : 13712, 1, 2020/11/30, 23:56:17.492, 9556085378615, vstest.console.dll, TestPluginCache.GetExtensionPaths: Added default extension paths: C:\Program Files\dotnet\sdk\3.1.403\Extensions\Microsoft.Diagnostics.NETCore.Client.dll
C:\Program Files\dotnet\sdk\3.1.403\Extensions\Microsoft.TestPlatform.Extensions.BlameDataCollector.dll
C:\Program Files\dotnet\sdk\3.1.403\Extensions\Microsoft.TestPlatform.Extensions.EventLogCollector.dll
C:\Program Files\dotnet\sdk\3.1.403\Extensions\Microsoft.TestPlatform.TestHostRuntimeProvider.dll
C:\Program Files\dotnet\sdk\3.1.403\Extensions\Microsoft.VisualStudio.TestPlatform.Extensions.Html.TestLogger.dll
C:\Program Files\dotnet\sdk\3.1.403\Extensions\Microsoft.VisualStudio.TestPlatform.Extensions.Trx.TestLogger.dll
TpTrace Verbose: 0 : 13712, 1, 2020/11/30, 23:56:17.492, 9556085379754, vstest.console.dll, TestPluginCache.GetExtensionPaths: Added unfilterableExtensionPaths: 
TpTrace Information: 0 : 13712, 1, 2020/11/30, 23:56:17.496, 9556085411190, vstest.console.dll, AssemblyResolver.ctor: Creating AssemblyResolver with searchDirectories C:\Program Files\dotnet\sdk\3.1.403\Extensions,C:\Program Files\dotnet\sdk\3.1.403
TpTrace Verbose: 0 : 13712, 1, 2020/11/30, 23:56:17.499, 9556085448214, vstest.console.dll, TestPluginCache.DiscoverTestExtensions: Discovering the extensions using extension path.
TpTrace Verbose: 0 : 13712, 1, 2020/11/30, 23:56:17.500, 9556085453231, vstest.console.dll, TestPluginCache.GetExtensionPaths: Filtered extension paths: 
TpTrace Verbose: 0 : 13712, 1, 2020/11/30, 23:56:17.500, 9556085455049, vstest.console.dll, TestPluginCache.GetExtensionPaths: Added default extension paths: C:\Program Files\dotnet\sdk\3.1.403\Extensions\Microsoft.Diagnostics.NETCore.Client.dll
C:\Program Files\dotnet\sdk\3.1.403\Extensions\Microsoft.TestPlatform.Extensions.BlameDataCollector.dll
C:\Program Files\dotnet\sdk\3.1.403\Extensions\Microsoft.TestPlatform.Extensions.EventLogCollector.dll
C:\Program Files\dotnet\sdk\3.1.403\Extensions\Microsoft.TestPlatform.TestHostRuntimeProvider.dll
C:\Program Files\dotnet\sdk\3.1.403\Extensions\Microsoft.VisualStudio.TestPlatform.Extensions.Html.TestLogger.dll
C:\Program Files\dotnet\sdk\3.1.403\Extensions\Microsoft.VisualStudio.TestPlatform.Extensions.Trx.TestLogger.dll
TpTrace Verbose: 0 : 13712, 1, 2020/11/30, 23:56:17.500, 9556085456852, vstest.console.dll, TestPluginCache.GetExtensionPaths: Added unfilterableExtensionPaths: 
TpTrace Verbose: 0 : 13712, 1, 2020/11/30, 23:56:17.500, 9556085459375, vstest.console.dll, TestPluginCache.DiscoverTestExtensions: Discovering the extensions using allExtensionPaths: C:\Program Files\dotnet\sdk\3.1.403\Extensions\Microsoft.Diagnostics.NETCore.Client.dll
C:\Program Files\dotnet\sdk\3.1.403\Extensions\Microsoft.TestPlatform.Extensions.BlameDataCollector.dll
C:\Program Files\dotnet\sdk\3.1.403\Extensions\Microsoft.TestPlatform.Extensions.EventLogCollector.dll
C:\Program Files\dotnet\sdk\3.1.403\Extensions\Microsoft.TestPlatform.TestHostRuntimeProvider.dll
C:\Program Files\dotnet\sdk\3.1.403\Extensions\Microsoft.VisualStudio.TestPlatform.Extensions.Html.TestLogger.dll
C:\Program Files\dotnet\sdk\3.1.403\Extensions\Microsoft.VisualStudio.TestPlatform.Extensions.Trx.TestLogger.dll
TpTrace Information: 0 : 13712, 1, 2020/11/30, 23:56:17.501, 9556085463603, vstest.console.dll, AssemblyResolver.AddSearchDirectories: Adding more searchDirectories C:\Program Files\dotnet\sdk\3.1.403\Extensions,C:\Program Files\dotnet\sdk\3.1.403
TpTrace Information: 0 : 13712, 1, 2020/11/30, 23:56:17.501, 9556085465388, vstest.console.dll, AssemblyResolver.AddSearchDirectories: Adding more searchDirectories C:\Program Files\dotnet\sdk\3.1.403\Extensions,C:\Program Files\dotnet\sdk\3.1.403
TpTrace Information: 0 : 13712, 1, 2020/11/30, 23:56:17.501, 9556085466591, vstest.console.dll, AssemblyResolver.AddSearchDirectories: Adding more searchDirectories C:\Program Files\dotnet\sdk\3.1.403\Extensions,C:\Program Files\dotnet\sdk\3.1.403
TpTrace Information: 0 : 13712, 1, 2020/11/30, 23:56:17.501, 9556085467872, vstest.console.dll, AssemblyResolver.AddSearchDirectories: Adding more searchDirectories C:\Program Files\dotnet\sdk\3.1.403\Extensions,C:\Program Files\dotnet\sdk\3.1.403
TpTrace Information: 0 : 13712, 1, 2020/11/30, 23:56:17.501, 9556085468867, vstest.console.dll, AssemblyResolver.AddSearchDirectories: Adding more searchDirectories C:\Program Files\dotnet\sdk\3.1.403\Extensions,C:\Program Files\dotnet\sdk\3.1.403
TpTrace Information: 0 : 13712, 1, 2020/11/30, 23:56:17.501, 9556085469928, vstest.console.dll, AssemblyResolver.AddSearchDirectories: Adding more searchDirectories C:\Program Files\dotnet\sdk\3.1.403\Extensions,C:\Program Files\dotnet\sdk\3.1.403
TpTrace Information: 0 : 13712, 1, 2020/11/30, 23:56:17.503, 9556085480621, vstest.console.dll, AssemblyResolver.OnResolve: Microsoft.Diagnostics.NETCore.Client: Resolving assembly.
TpTrace Information: 0 : 13712, 1, 2020/11/30, 23:56:17.506, 9556085513434, vstest.console.dll, AssemblyResolver.OnResolve: Resolved assembly: Microsoft.Diagnostics.NETCore.Client, from path: C:\Program Files\dotnet\sdk\3.1.403\Extensions\Microsoft.Diagnostics.NETCore.Client.dll
TpTrace Information: 0 : 13712, 1, 2020/11/30, 23:56:17.508, 9556085537700, vstest.console.dll, AssemblyResolver.OnResolve: Microsoft.TestPlatform.Extensions.BlameDataCollector: Resolving assembly.
TpTrace Information: 0 : 13712, 1, 2020/11/30, 23:56:17.512, 9556085572022, vstest.console.dll, AssemblyResolver.OnResolve: Resolved assembly: Microsoft.TestPlatform.Extensions.BlameDataCollector, from path: C:\Program Files\dotnet\sdk\3.1.403\Extensions\Microsoft.TestPlatform.Extensions.BlameDataCollector.dll
TpTrace Information: 0 : 13712, 1, 2020/11/30, 23:56:17.515, 9556085609232, vstest.console.dll, AssemblyResolver.OnResolve: Microsoft.TestPlatform.Extensions.EventLogCollector: Resolving assembly.
TpTrace Information: 0 : 13712, 1, 2020/11/30, 23:56:17.519, 9556085640625, vstest.console.dll, AssemblyResolver.OnResolve: Resolved assembly: Microsoft.TestPlatform.Extensions.EventLogCollector, from path: C:\Program Files\dotnet\sdk\3.1.403\Extensions\Microsoft.TestPlatform.Extensions.EventLogCollector.dll
TpTrace Information: 0 : 13712, 1, 2020/11/30, 23:56:17.528, 9556085737990, vstest.console.dll, AssemblyResolver.OnResolve: Microsoft.TestPlatform.TestHostRuntimeProvider: Resolving assembly.
TpTrace Information: 0 : 13712, 1, 2020/11/30, 23:56:17.533, 9556085787931, vstest.console.dll, AssemblyResolver.OnResolve: Resolved assembly: Microsoft.TestPlatform.TestHostRuntimeProvider, from path: C:\Program Files\dotnet\sdk\3.1.403\Extensions\Microsoft.TestPlatform.TestHostRuntimeProvider.dll
TpTrace Information: 0 : 13712, 1, 2020/11/30, 23:56:17.538, 9556085837567, vstest.console.dll, AssemblyResolver.OnResolve: Microsoft.VisualStudio.TestPlatform.Extensions.Html.TestLogger: Resolving assembly.
TpTrace Information: 0 : 13712, 1, 2020/11/30, 23:56:17.543, 9556085887052, vstest.console.dll, AssemblyResolver.OnResolve: Resolved assembly: Microsoft.VisualStudio.TestPlatform.Extensions.Html.TestLogger, from path: C:\Program Files\dotnet\sdk\3.1.403\Extensions\Microsoft.VisualStudio.TestPlatform.Extensions.Html.TestLogger.dll
TpTrace Information: 0 : 13712, 1, 2020/11/30, 23:56:17.545, 9556085902015, vstest.console.dll, AssemblyResolver.OnResolve: Microsoft.VisualStudio.TestPlatform.Extensions.Trx.TestLogger: Resolving assembly.
TpTrace Information: 0 : 13712, 1, 2020/11/30, 23:56:17.551, 9556085961394, vstest.console.dll, AssemblyResolver.OnResolve: Resolved assembly: Microsoft.VisualStudio.TestPlatform.Extensions.Trx.TestLogger, from path: C:\Program Files\dotnet\sdk\3.1.403\Extensions\Microsoft.VisualStudio.TestPlatform.Extensions.Trx.TestLogger.dll
TpTrace Verbose: 0 : 13712, 1, 2020/11/30, 23:56:17.557, 9556086024691, vstest.console.dll, TestPluginCache: Discovered the extensions using extension path ''.
TpTrace Verbose: 0 : 13712, 1, 2020/11/30, 23:56:17.557, 9556086027464, vstest.console.dll, TestPluginCache: Discoverers are ''.
TpTrace Verbose: 0 : 13712, 1, 2020/11/30, 23:56:17.557, 9556086029144, vstest.console.dll, TestPluginCache: Executors are ''.
TpTrace Verbose: 0 : 13712, 1, 2020/11/30, 23:56:17.558, 9556086030727, vstest.console.dll, TestPluginCache: Executors2 are ''.
TpTrace Verbose: 0 : 13712, 1, 2020/11/30, 23:56:17.558, 9556086032561, vstest.console.dll, TestPluginCache: Setting providers are ''.
TpTrace Verbose: 0 : 13712, 1, 2020/11/30, 23:56:17.558, 9556086034202, vstest.console.dll, TestPluginCache: Loggers are ''.
TpTrace Information: 0 : 13712, 1, 2020/11/30, 23:56:17.571, 9556086166631, vstest.console.dll, RunTestsArgumentProcessor:Execute: Test run is starting.
TpTrace Verbose: 0 : 13712, 1, 2020/11/30, 23:56:17.571, 9556086169355, vstest.console.dll, RunTestsArgumentProcessor:Execute: Queuing Test run.
TpTrace Information: 0 : 13712, 1, 2020/11/30, 23:56:17.572, 9556086179701, vstest.console.dll, TestRequestManager.RunTests: run tests started.
TpTrace Information: 0 : 13712, 1, 2020/11/30, 23:56:17.607, 9556086523046, vstest.console.dll, AssemblyMetadataProvider.GetFrameWork: Determined framework:'.NETCoreApp,Version=v3.1' for source: 'C:\Users\MaNemoj\source\repos\MaNemoj01\Filmoteka\Unit Testovi\bin\Debug\fine-code-coverage\Unit Testovi.dll'
TpTrace Information: 0 : 13712, 1, 2020/11/30, 23:56:17.607, 9556086529191, vstest.console.dll, Determined framework for all sources: .NETCoreApp,Version=v3.1
TpTrace Information: 0 : 13712, 1, 2020/11/30, 23:56:17.638, 9556086831173, vstest.console.dll, AssemblyMetadataProvider.GetArchitecture: Determined architecture:AnyCPU info for assembly: C:\Users\MaNemoj\source\repos\MaNemoj01\Filmoteka\Unit Testovi\bin\Debug\fine-code-coverage\Unit Testovi.dll
TpTrace Information: 0 : 13712, 1, 2020/11/30, 23:56:17.647, 9556086926535, vstest.console.dll, Determined platform for all sources: X64
TpTrace Information: 0 : 13712, 1, 2020/11/30, 23:56:17.661, 9556087067979, vstest.console.dll, Compatible sources list : 
TpTrace Information: 0 : 13712, 1, 2020/11/30, 23:56:17.662, 9556087072061, vstest.console.dll, C:\Users\MaNemoj\source\repos\MaNemoj01\Filmoteka\Unit Testovi\bin\Debug\fine-code-coverage\Unit Testovi.dll
TpTrace Information: 0 : 13712, 1, 2020/11/30, 23:56:17.675, 9556087207206, vstest.console.dll, InferRunSettingsHelper.IsTestSettingsEnabled: Unable to navigate to RunSettings/MSTest. Current node: RunSettings
TpTrace Information: 0 : 13712, 1, 2020/11/30, 23:56:17.681, 9556087267342, vstest.console.dll, AssemblyResolver.OnResolve: Microsoft.VisualStudio.TestPlatform.Fakes: Resolving assembly.
TpTrace Information: 0 : 13712, 1, 2020/11/30, 23:56:17.682, 9556087276469, vstest.console.dll, AssemblyResolver.OnResolve: Microsoft.VisualStudio.TestPlatform.Fakes: Failed to load assembly.
TpTrace Information: 0 : 13712, 1, 2020/11/30, 23:56:17.743, 9556087889620, vstest.console.dll, Failed to create newly implemented Fakes Configurator. Reason:System.IO.FileNotFoundException: Could not load file or assembly 'Microsoft.VisualStudio.TestPlatform.Fakes, Version=16.0.0.0, Culture=neutral, PublicKeyToken=null'. The system cannot find the file specified.
File name: 'Microsoft.VisualStudio.TestPlatform.Fakes, Version=16.0.0.0, Culture=neutral, PublicKeyToken=null'
   at System.Reflection.RuntimeAssembly.nLoad(AssemblyName fileName, String codeBase, RuntimeAssembly assemblyContext, StackCrawlMark& stackMark, Boolean throwOnFileNotFound, AssemblyLoadContext assemblyLoadContext)
   at System.Reflection.RuntimeAssembly.InternalLoadAssemblyName(AssemblyName assemblyRef, StackCrawlMark& stackMark, AssemblyLoadContext assemblyLoadContext)
   at System.Reflection.Assembly.Load(String assemblyString)
   at Microsoft.VisualStudio.TestPlatform.Common.Utilities.FakesUtilities.TryGetFakesCrossPlatformDataCollectorConfigurator()

 
TpTrace Verbose: 0 : 13712, 1, 2020/11/30, 23:56:17.807, 9556088528993, vstest.console.dll, TestPluginCache.DiscoverTestExtensions: finding test extensions in assemblies ends with: TestLogger.dll TPluginInfo: Microsoft.VisualStudio.TestPlatform.Common.ExtensionFramework.Utilities.TestLoggerPluginInformation TExtension: Microsoft.VisualStudio.TestPlatform.ObjectModel.Client.ITestLogger
TpTrace Verbose: 0 : 13712, 1, 2020/11/30, 23:56:17.808, 9556088532624, vstest.console.dll, TestPluginCache.GetExtensionPaths: Filtered extension paths: 
TpTrace Verbose: 0 : 13712, 1, 2020/11/30, 23:56:17.808, 9556088535562, vstest.console.dll, TestPluginCache.GetExtensionPaths: Added default extension paths: C:\Program Files\dotnet\sdk\3.1.403\Extensions\Microsoft.Diagnostics.NETCore.Client.dll
C:\Program Files\dotnet\sdk\3.1.403\Extensions\Microsoft.TestPlatform.Extensions.BlameDataCollector.dll
C:\Program Files\dotnet\sdk\3.1.403\Extensions\Microsoft.TestPlatform.Extensions.EventLogCollector.dll
C:\Program Files\dotnet\sdk\3.1.403\Extensions\Microsoft.TestPlatform.TestHostRuntimeProvider.dll
C:\Program Files\dotnet\sdk\3.1.403\Extensions\Microsoft.VisualStudio.TestPlatform.Extensions.Html.TestLogger.dll
C:\Program Files\dotnet\sdk\3.1.403\Extensions\Microsoft.VisualStudio.TestPlatform.Extensions.Trx.TestLogger.dll
TpTrace Verbose: 0 : 13712, 1, 2020/11/30, 23:56:17.809, 9556088544805, vstest.console.dll, TestPluginCache.GetExtensionPaths: Added unfilterableExtensionPaths: 
TpTrace Information: 0 : 13712, 1, 2020/11/30, 23:56:17.810, 9556088555536, vstest.console.dll, AssemblyResolver.AddSearchDirectories: Adding more searchDirectories C:\Program Files\dotnet\sdk\3.1.403\Extensions,C:\Program Files\dotnet\sdk\3.1.403
TpTrace Verbose: 0 : 13712, 1, 2020/11/30, 23:56:17.810, 9556088557841, vstest.console.dll, TestPluginCache.DiscoverTestExtensions: Discovering the extensions using extension path.
TpTrace Verbose: 0 : 13712, 1, 2020/11/30, 23:56:17.810, 9556088559480, vstest.console.dll, TestPluginCache.GetExtensionPaths: Filtered extension paths: 
TpTrace Verbose: 0 : 13712, 1, 2020/11/30, 23:56:17.811, 9556088561460, vstest.console.dll, TestPluginCache.GetExtensionPaths: Added default extension paths: C:\Program Files\dotnet\sdk\3.1.403\Extensions\Microsoft.Diagnostics.NETCore.Client.dll
C:\Program Files\dotnet\sdk\3.1.403\Extensions\Microsoft.TestPlatform.Extensions.BlameDataCollector.dll
C:\Program Files\dotnet\sdk\3.1.403\Extensions\Microsoft.TestPlatform.Extensions.EventLogCollector.dll
C:\Program Files\dotnet\sdk\3.1.403\Extensions\Microsoft.TestPlatform.TestHostRuntimeProvider.dll
C:\Program Files\dotnet\sdk\3.1.403\Extensions\Microsoft.VisualStudio.TestPlatform.Extensions.Html.TestLogger.dll
C:\Program Files\dotnet\sdk\3.1.403\Extensions\Microsoft.VisualStudio.TestPlatform.Extensions.Trx.TestLogger.dll
TpTrace Verbose: 0 : 13712, 1, 2020/11/30, 23:56:17.811, 9556088566809, vstest.console.dll, TestPluginCache.GetExtensionPaths: Added unfilterableExtensionPaths: 
TpTrace Verbose: 0 : 13712, 1, 2020/11/30, 23:56:17.812, 9556088574952, vstest.console.dll, TestPluginCache.DiscoverTestExtensions: Discovering the extensions using allExtensionPaths: C:\Program Files\dotnet\sdk\3.1.403\Extensions\Microsoft.Diagnostics.NETCore.Client.dll
C:\Program Files\dotnet\sdk\3.1.403\Extensions\Microsoft.TestPlatform.Extensions.BlameDataCollector.dll
C:\Program Files\dotnet\sdk\3.1.403\Extensions\Microsoft.TestPlatform.Extensions.EventLogCollector.dll
C:\Program Files\dotnet\sdk\3.1.403\Extensions\Microsoft.TestPlatform.TestHostRuntimeProvider.dll
C:\Program Files\dotnet\sdk\3.1.403\Extensions\Microsoft.VisualStudio.TestPlatform.Extensions.Html.TestLogger.dll
C:\Program Files\dotnet\sdk\3.1.403\Extensions\Microsoft.VisualStudio.TestPlatform.Extensions.Trx.TestLogger.dll
TpTrace Information: 0 : 13712, 1, 2020/11/30, 23:56:17.812, 9556088579360, vstest.console.dll, AssemblyResolver.AddSearchDirectories: Adding more searchDirectories C:\Program Files\dotnet\sdk\3.1.403\Extensions,C:\Program Files\dotnet\sdk\3.1.403
TpTrace Information: 0 : 13712, 1, 2020/11/30, 23:56:17.814, 9556088593974, vstest.console.dll, AssemblyResolver.AddSearchDirectories: Adding more searchDirectories C:\Program Files\dotnet\sdk\3.1.403\Extensions,C:\Program Files\dotnet\sdk\3.1.403
TpTrace Information: 0 : 13712, 1, 2020/11/30, 23:56:17.815, 9556088603878, vstest.console.dll, AssemblyResolver.AddSearchDirectories: Adding more searchDirectories C:\Program Files\dotnet\sdk\3.1.403\Extensions,C:\Program Files\dotnet\sdk\3.1.403
TpTrace Information: 0 : 13712, 1, 2020/11/30, 23:56:17.816, 9556088616483, vstest.console.dll, AssemblyResolver.AddSearchDirectories: Adding more searchDirectories C:\Program Files\dotnet\sdk\3.1.403\Extensions,C:\Program Files\dotnet\sdk\3.1.403
TpTrace Information: 0 : 13712, 1, 2020/11/30, 23:56:17.817, 9556088620564, vstest.console.dll, AssemblyResolver.AddSearchDirectories: Adding more searchDirectories C:\Program Files\dotnet\sdk\3.1.403\Extensions,C:\Program Files\dotnet\sdk\3.1.403
TpTrace Information: 0 : 13712, 1, 2020/11/30, 23:56:17.817, 9556088622473, vstest.console.dll, AssemblyResolver.AddSearchDirectories: Adding more searchDirectories C:\Program Files\dotnet\sdk\3.1.403\Extensions,C:\Program Files\dotnet\sdk\3.1.403
TpTrace Verbose: 0 : 13712, 1, 2020/11/30, 23:56:17.820, 9556088657381, vstest.console.dll, TestPluginCache: Discovered the extensions using extension path ''.
TpTrace Verbose: 0 : 13712, 1, 2020/11/30, 23:56:17.821, 9556088670167, vstest.console.dll, TestPluginCache: Discoverers are ''.
TpTrace Verbose: 0 : 13712, 1, 2020/11/30, 23:56:17.822, 9556088672096, vstest.console.dll, TestPluginCache: Executors are ''.
TpTrace Verbose: 0 : 13712, 1, 2020/11/30, 23:56:17.822, 9556088673709, vstest.console.dll, TestPluginCache: Executors2 are ''.
TpTrace Verbose: 0 : 13712, 1, 2020/11/30, 23:56:17.822, 9556088679340, vstest.console.dll, TestPluginCache: Setting providers are ''.
TpTrace Verbose: 0 : 13712, 1, 2020/11/30, 23:56:17.823, 9556088688371, vstest.console.dll, TestPluginCache: Loggers are 'logger://Microsoft/TestPlatform/Extensions/Blame/v1,logger://Microsoft/TestPlatform/HtmlLogger/v1,logger://Microsoft/TestPlatform/TrxLogger/v1'.
TpTrace Information: 0 : 13712, 1, 2020/11/30, 23:56:17.827, 9556088727636, vstest.console.dll, TestPluginManager.CreateTestExtension: Attempting to load test extension: Microsoft.TestPlatform.Extensions.BlameDataCollector.BlameLogger
TpTrace Information: 0 : 13712, 1, 2020/11/30, 23:56:17.867, 9556089128257, vstest.console.dll, TestPluginManager.CreateTestExtension: Attempting to load test extension: Microsoft.VisualStudio.TestPlatform.CrossPlatEngine.Hosting.DefaultTestHostManager
TpTrace Information: 0 : 13712, 1, 2020/11/30, 23:56:17.870, 9556089155995, vstest.console.dll, TestPluginManager.CreateTestExtension: Attempting to load test extension: Microsoft.VisualStudio.TestPlatform.CrossPlatEngine.Hosting.DotnetTestHostManager
TpTrace Verbose: 0 : 13712, 1, 2020/11/30, 23:56:17.884, 9556089292881, vstest.console.dll, TestEngine: Initializing Parallel Execution as MaxCpuCount is set to: 1
TpTrace Information: 0 : 13712, 1, 2020/11/30, 23:56:17.887, 9556089325412, vstest.console.dll, InferRunSettingsHelper.IsTestSettingsEnabled: Unable to navigate to RunSettings/MSTest. Current node: RunSettings
TpTrace Verbose: 0 : 13712, 1, 2020/11/30, 23:56:17.964, 9556090095750, vstest.console.dll, TestRequestSender is acting as server
TpTrace Verbose: 0 : 13712, 4, 2020/11/30, 23:56:17.992, 9556090376875, vstest.console.dll, DataCollectionRequestSender.InitializeCommunication : Initialize communication. 
TpTrace Information: 0 : 13712, 4, 2020/11/30, 23:56:18.050, 9556090958377, vstest.console.dll, Listening on Endpoint : 127.0.0.1:62613
TpTrace Verbose: 0 : 13712, 4, 2020/11/30, 23:56:18.080, 9556091259715, vstest.console.dll, DotnetDataCollectionLauncher: Full path of dotnet.exe is C:\Program Files\dotnet\dotnet.exe
TpTrace Verbose: 0 : 13712, 4, 2020/11/30, 23:56:18.082, 9556091274231, vstest.console.dll, DotnetDataCollectionLauncher: Adding  --runtimeconfig "C:\Program Files\dotnet\sdk\3.1.403\datacollector.runtimeconfig.json" in args
TpTrace Verbose: 0 : 13712, 4, 2020/11/30, 23:56:18.083, 9556091284923, vstest.console.dll, DotnetDataCollectionLauncher: Adding  --depsfile "C:\Program Files\dotnet\sdk\3.1.403\datacollector.deps.json" in args
TpTrace Information: 0 : 13712, 4, 2020/11/30, 23:56:18.139, 9556091845225, vstest.console.dll, ProxyDataCollectionManager.Initialize: Launched datacollector processId: 6536 port: 62613
TpTrace Information: 0 : 13712, 4, 2020/11/30, 23:56:18.140, 9556091857192, vstest.console.dll, ProxyDataCollectionManager.Initialize: waiting for connection with timeout: 90 seconds
TpTrace Verbose: 0 : 13712, 4, 2020/11/30, 23:56:18.140, 9556091860319, vstest.console.dll, DataCollectionRequestSender.WaitForRequestHandlerConnection : Waiting for connection with timeout: 90000
TpTrace Information: 0 : 13712, 7, 2020/11/30, 23:56:18.731, 9556097770294, vstest.console.dll, Using the buffer size of 16384 bytes
TpTrace Verbose: 0 : 13712, 4, 2020/11/30, 23:56:18.731, 9556097770301, vstest.console.dll, ProxyDataCollectionManager.InvokeDataCollectionServiceAction: Starting.
TpTrace Information: 0 : 13712, 7, 2020/11/30, 23:56:18.732, 9556097776279, vstest.console.dll, Accepted Client request and set the flag
TpTrace Information: 0 : 13712, 4, 2020/11/30, 23:56:18.732, 9556097778838, vstest.console.dll, ProxyDataCollectionManager.BeforeTestRunStart: Get environment variable and port for datacollector processId: 6536 port: 62613
TpTrace Verbose: 0 : 13712, 4, 2020/11/30, 23:56:18.733, 9556097782907, vstest.console.dll, DataCollectionRequestSender.SendBeforeTestRunStartAndGetResult : Send BeforeTestRunStart message with settingsXml <RunSettings><RunConfiguration><ResultsDirectory>C:\Users\MaNemoj\source\repos\MaNemoj01\Filmoteka\Unit Testovi\bin\Debug\fine-code-coverage\_outputfolder</ResultsDirectory><TargetPlatform>X64</TargetPlatform><TargetFrameworkVersion>.NETCoreApp,Version=v3.1</TargetFrameworkVersion><DesignMode>False</DesignMode><CollectSourceInformation>False</CollectSourceInformation><TestAdaptersPaths>C:\Program Files\dotnet\sdk\3.1.403\Extensions</TestAdaptersPaths></RunConfiguration><LoggerRunSettings><Loggers><Logger friendlyName="blame" enabled="True" /><Logger friendlyName="Console" uri="logger://microsoft/TestPlatform/ConsoleLogger/v1" assemblyQualifiedName="Microsoft.VisualStudio.TestPlatform.CommandLine.Internal.ConsoleLogger, vstest.console, Version=15.0.0.0, Culture=neutral, PublicKeyToken=b03f5f7f11d50a3a" codeBase="C:\Program Files\dotnet\sdk\3.1.403\vstest.console.dll" enabled="True" /></Loggers></LoggerRunSettings><DataCollectionRunSettings><DataCollectors><DataCollector friendlyName="blame" enabled="True"><Configuration><ResultsDirectory>C:\Users\MaNemoj\source\repos\MaNemoj01\Filmoteka\Unit Testovi\bin\Debug\fine-code-coverage\_outputfolder</ResultsDirectory></Configuration></DataCollector></DataCollectors></DataCollectionRunSettings></RunSettings> and sources System.Linq.Enumerable+Concat2Iterator`1[System.String]: 
TpTrace Verbose: 0 : 13712, 4, 2020/11/30, 23:56:19.276, 9556103212582, vstest.console.dll, DataCollectionRequestSender.SendBeforeTestRunStartAndGetResult : Received message: (DataCollection.SendMessage) -> {
  "FriendlyName": null,
  "Uri": null,
  "TestCaseId": "00000000-0000-0000-0000-000000000000",
  "Message": "Logging DataCollector Diagnostics in file: C:\\Users\\MaNemoj\\source\\repos\\MaNemoj01\\Filmoteka\\Unit Testovi\\bin\\Debug\\fine-code-coverage\\_outputfolder\\diagnostics.datacollector.20-11-30_23-56-18_07443_4.log",
  "Level": 0
}
TpTrace Verbose: 0 : 13712, 4, 2020/11/30, 23:56:19.898, 9556109439786, vstest.console.dll, DataCollectionRequestSender.SendBeforeTestRunStartAndGetResult : Received message: (DataCollection.BeforeTestRunStartResult) -> {
  "EnvironmentVariables": {},
  "DataCollectionEventsPort": 62615
}
TpTrace Information: 0 : 13712, 4, 2020/11/30, 23:56:19.923, 9556109684160, vstest.console.dll, ProxyDataCollectionManager.BeforeTestRunStart: SendBeforeTestRunStartAndGetResult successful, env variable from datacollector:   and testhost port: 62615
TpTrace Information: 0 : 13712, 4, 2020/11/30, 23:56:19.923, 9556109687095, vstest.console.dll, ProxyDataCollectionManager.InvokeDataCollectionServiceAction: Completed.
TpTrace Verbose: 0 : 13712, 1, 2020/11/30, 23:56:19.924, 9556109692151, vstest.console.dll, TestRunRequest.ExecuteAsync: Creating test run request.
TpTrace Verbose: 0 : 13712, 1, 2020/11/30, 23:56:19.926, 9556109717351, vstest.console.dll, TestRunRequest.ExecuteAsync: Starting.
TpTrace Information: 0 : 13712, 1, 2020/11/30, 23:56:19.927, 9556109730271, vstest.console.dll, TestRunRequest.ExecuteAsync: Starting run with settings:TestRunCriteria:
   KeepAlive=False,FrequencyOfRunStatsChangeEvent=10,RunStatsChangeEventTimeout=00:00:01.5000000,TestCaseFilter=,TestExecutorLauncher=
   Settingsxml=<RunSettings>
  <RunConfiguration>
    <ResultsDirectory>C:\Users\MaNemoj\source\repos\MaNemoj01\Filmoteka\Unit Testovi\bin\Debug\fine-code-coverage\_outputfolder</ResultsDirectory>
    <TargetPlatform>X64</TargetPlatform>
    <TargetFrameworkVersion>.NETCoreApp,Version=v3.1</TargetFrameworkVersion>
    <DesignMode>False</DesignMode>
    <CollectSourceInformation>False</CollectSourceInformation>
  </RunConfiguration>
  <LoggerRunSettings>
    <Loggers>
      <Logger friendlyName="blame" enabled="True" />
      <Logger friendlyName="Console" uri="logger://microsoft/TestPlatform/ConsoleLogger/v1" assemblyQualifiedName="Microsoft.VisualStudio.TestPlatform.CommandLine.Internal.ConsoleLogger, vstest.console, Version=15.0.0.0, Culture=neutral, PublicKeyToken=b03f5f7f11d50a3a" codeBase="C:\Program Files\dotnet\sdk\3.1.403\vstest.console.dll" enabled="True" />
    </Loggers>
  </LoggerRunSettings>
  <DataCollectionRunSettings>
    <DataCollectors>
      <DataCollector friendlyName="blame" enabled="True">
        <Configuration>
          <ResultsDirectory>C:\Users\MaNemoj\source\repos\MaNemoj01\Filmoteka\Unit Testovi\bin\Debug\fine-code-coverage\_outputfolder</ResultsDirectory>
        </Configuration>
      </DataCollector>
    </DataCollectors>
  </DataCollectionRunSettings>
</RunSettings>

TpTrace Verbose: 0 : 13712, 1, 2020/11/30, 23:56:19.928, 9556109733048, vstest.console.dll, TestRunRequest.ExecuteAsync: Wait for the first run request is over.
TpTrace Verbose: 0 : 13712, 1, 2020/11/30, 23:56:19.931, 9556109768373, vstest.console.dll, ParallelProxyExecutionManager: Start execution. Total sources: 1
TpTrace Information: 0 : 13712, 1, 2020/11/30, 23:56:19.935, 9556109807808, vstest.console.dll, ProxyParallelExecutionManager: Triggering test run for next source: C:\Users\MaNemoj\source\repos\MaNemoj01\Filmoteka\Unit Testovi\bin\Debug\fine-code-coverage\Unit Testovi.dll
TpTrace Verbose: 0 : 13712, 4, 2020/11/30, 23:56:19.936, 9556109816089, vstest.console.dll, ParallelProxyExecutionManager: Execution started. Started clients: 1
TpTrace Verbose: 0 : 13712, 1, 2020/11/30, 23:56:19.936, 9556109817858, vstest.console.dll, ProxyParallelExecutionManager: No sources available for execution.
TpTrace Information: 0 : 13712, 1, 2020/11/30, 23:56:19.937, 9556109822253, vstest.console.dll, TestRunRequest.ExecuteAsync: Started.
TpTrace Verbose: 0 : 13712, 1, 2020/11/30, 23:56:19.937, 9556109826757, vstest.console.dll, TestRunRequest.WaitForCompletion: Waiting with timeout -1.
TpTrace Verbose: 0 : 13712, 4, 2020/11/30, 23:56:19.938, 9556109833291, vstest.console.dll, TestRunRequest:SendTestRunMessage: Starting.
TpTrace Information: 0 : 13712, 4, 2020/11/30, 23:56:19.939, 9556109840625, vstest.console.dll, TestRunRequest:SendTestRunMessage: Completed.
TpTrace Verbose: 0 : 13712, 4, 2020/11/30, 23:56:19.940, 9556109850612, vstest.console.dll, ProxyExecutionManager: Test host is always Lazy initialize.
TpTrace Verbose: 0 : 13712, 4, 2020/11/30, 23:56:19.941, 9556109869350, vstest.console.dll, TestRequestSender.InitializeCommunication: initialize communication. 
TpTrace Information: 0 : 13712, 4, 2020/11/30, 23:56:19.944, 9556109893850, vstest.console.dll, SocketServer.Start: Listening on endpoint : 127.0.0.1:62616
TpTrace Verbose: 0 : 13712, 4, 2020/11/30, 23:56:19.947, 9556109929278, vstest.console.dll, DotnetTestHostmanager: Adding  --runtimeconfig "C:\Users\MaNemoj\source\repos\MaNemoj01\Filmoteka\Unit Testovi\bin\Debug\fine-code-coverage\Unit Testovi.runtimeconfig.json" in args
TpTrace Verbose: 0 : 13712, 4, 2020/11/30, 23:56:19.948, 9556109933611, vstest.console.dll, DotnetTestHostmanager: Adding  --depsfile "C:\Users\MaNemoj\source\repos\MaNemoj01\Filmoteka\Unit Testovi\bin\Debug\fine-code-coverage\Unit Testovi.deps.json" in args
TpTrace Information: 0 : 13712, 4, 2020/11/30, 23:56:19.950, 9556109953603, vstest.console.dll, AssemblyResolver.OnResolve: Microsoft.Extensions.DependencyModel: Resolving assembly.
TpTrace Information: 0 : 13712, 4, 2020/11/30, 23:56:19.958, 9556110034805, vstest.console.dll, AssemblyResolver.OnResolve: Resolved assembly: Microsoft.Extensions.DependencyModel, from path: C:\Program Files\dotnet\sdk\3.1.403\Microsoft.Extensions.DependencyModel.dll
TpTrace Verbose: 0 : 13712, 4, 2020/11/30, 23:56:19.960, 9556110050684, vstest.console.dll, DotnetTestHostmanager: Reading file C:\Users\MaNemoj\source\repos\MaNemoj01\Filmoteka\Unit Testovi\bin\Debug\fine-code-coverage\Unit Testovi.deps.json to get path of testhost.dll
TpTrace Verbose: 0 : 13712, 4, 2020/11/30, 23:56:20.108, 9556111533404, vstest.console.dll, DotnetTestHostmanager: Relative path of testhost.dll with respect to package folder is microsoft.testplatform.testhost/16.5.0\lib/netcoreapp2.1/testhost.dll
TpTrace Verbose: 0 : 13712, 4, 2020/11/30, 23:56:20.111, 9556111565022, vstest.console.dll, DotnetTestHostmanager: Looking for path microsoft.testplatform.testhost/16.5.0\lib/netcoreapp2.1/testhost.dll in folder C:\Users\MaNemoj\.dotnet\store\|arch|\|tfm|
TpTrace Verbose: 0 : 13712, 4, 2020/11/30, 23:56:20.117, 9556111623168, vstest.console.dll, DotnetTestHostmanager: Looking for path microsoft.testplatform.testhost/16.5.0\lib/netcoreapp2.1/testhost.dll in folder C:\Users\MaNemoj\.nuget\packages
TpTrace Verbose: 0 : 13712, 4, 2020/11/30, 23:56:20.118, 9556111634386, vstest.console.dll, DotnetTestHostManager: Testhost.exe/testhost.x86.exe found at path: C:\Users\MaNemoj\.nuget\packages\microsoft.testplatform.testhost\16.5.0\build\netcoreapp2.1\x64\testhost.exe
TpTrace Verbose: 0 : 13712, 4, 2020/11/30, 23:56:20.118, 9556111637114, vstest.console.dll, DotnetTestHostmanager: Full path of host exe is C:\Users\MaNemoj\.nuget\packages\microsoft.testplatform.testhost\16.5.0\build\netcoreapp2.1\x64\testhost.exe
TpTrace Verbose: 0 : 13712, 10, 2020/11/30, 23:56:20.130, 9556111751169, vstest.console.dll, DotnetTestHostManager: Starting process 'C:\Users\MaNemoj\.nuget\packages\microsoft.testplatform.testhost\16.5.0\build\netcoreapp2.1\x64\testhost.exe' with command line ' --runtimeconfig "C:\Users\MaNemoj\source\repos\MaNemoj01\Filmoteka\Unit Testovi\bin\Debug\fine-code-coverage\Unit Testovi.runtimeconfig.json" --depsfile "C:\Users\MaNemoj\source\repos\MaNemoj01\Filmoteka\Unit Testovi\bin\Debug\fine-code-coverage\Unit Testovi.deps.json" --port 62616 --endpoint 127.0.0.1:062616 --role client --parentprocessid 13712 --diag "C:\Users\MaNemoj\source\repos\MaNemoj01\Filmoteka\Unit Testovi\bin\Debug\fine-code-coverage\_outputfolder\diagnostics.host.20-11-30_23-56-19_94581_4.log" --tracelevel 4 --datacollectionport 62615 --telemetryoptedin false'
TpTrace Verbose: 0 : 13712, 10, 2020/11/30, 23:56:20.238, 9556112838053, vstest.console.dll, Test Runtime launched
TpTrace Verbose: 0 : 13712, 4, 2020/11/30, 23:56:20.244, 9556112895353, vstest.console.dll, TestRequestSender.WaitForRequestHandlerConnection: waiting for connection with timeout: 90000
TpTrace Verbose: 0 : 13712, 10, 2020/11/30, 23:56:21.021, 9556120663112, vstest.console.dll, SocketServer.OnClientConnected: Client connected for endPoint: 127.0.0.1:62616, starting MessageLoopAsync:
TpTrace Verbose: 0 : 13712, 10, 2020/11/30, 23:56:21.022, 9556120679387, vstest.console.dll, TcpClientExtensions.MessageLoopAsync: Polling on remoteEndPoint: 127.0.0.1:62617 localEndPoint: 127.0.0.1:62616
TpTrace Verbose: 0 : 13712, 10, 2020/11/30, 23:56:22.036, 9556130811560, vstest.console.dll, TcpClientExtensions.MessageLoopAsync: Polling on remoteEndPoint: 127.0.0.1:62617 localEndPoint: 127.0.0.1:62616
TpTrace Verbose: 0 : 13712, 10, 2020/11/30, 23:56:22.148, 9556131931645, vstest.console.dll, TcpClientExtensions.MessageLoopAsync: NotifyDataAvailable remoteEndPoint: 127.0.0.1:62617 localEndPoint: 127.0.0.1:62616
TpTrace Verbose: 0 : 13712, 10, 2020/11/30, 23:56:22.150, 9556131958359, vstest.console.dll, TestRequestSender.CheckVersionWithTestHost: onMessageReceived received message: (ProtocolVersion) -> 2
TpTrace Verbose: 0 : 13712, 10, 2020/11/30, 23:56:22.153, 9556131983750, vstest.console.dll, TcpClientExtensions.MessageLoopAsync: Polling on remoteEndPoint: 127.0.0.1:62617 localEndPoint: 127.0.0.1:62616
TpTrace Verbose: 0 : 13712, 4, 2020/11/30, 23:56:22.153, 9556131986890, vstest.console.dll, TestPluginCache.GetExtensionPaths: Filtered extension paths: 
TpTrace Verbose: 0 : 13712, 4, 2020/11/30, 23:56:22.153, 9556131989417, vstest.console.dll, TestPluginCache.GetExtensionPaths: Added default extension paths: C:\Program Files\dotnet\sdk\3.1.403\Extensions\Microsoft.Diagnostics.NETCore.Client.dll
C:\Program Files\dotnet\sdk\3.1.403\Extensions\Microsoft.TestPlatform.Extensions.BlameDataCollector.dll
C:\Program Files\dotnet\sdk\3.1.403\Extensions\Microsoft.TestPlatform.Extensions.EventLogCollector.dll
C:\Program Files\dotnet\sdk\3.1.403\Extensions\Microsoft.TestPlatform.TestHostRuntimeProvider.dll
C:\Program Files\dotnet\sdk\3.1.403\Extensions\Microsoft.VisualStudio.TestPlatform.Extensions.Html.TestLogger.dll
C:\Program Files\dotnet\sdk\3.1.403\Extensions\Microsoft.VisualStudio.TestPlatform.Extensions.Trx.TestLogger.dll
TpTrace Verbose: 0 : 13712, 4, 2020/11/30, 23:56:22.154, 9556131991547, vstest.console.dll, TestPluginCache.GetExtensionPaths: Added unfilterableExtensionPaths: 
TpTrace Verbose: 0 : 13712, 4, 2020/11/30, 23:56:22.175, 9556132207439, vstest.console.dll, TestRequestSender.InitializeExecution: Sending initializing execution with message: {"Version":2,"MessageType":"TestExecution.Initialize","Payload":["C:\\Users\\MaNemoj\\source\\repos\\MaNemoj01\\Filmoteka\\Unit Testovi\\bin\\Debug\\fine-code-coverage\\Microsoft.VisualStudio.TestPlatform.MSTest.TestAdapter.dll"]}
TpTrace Verbose: 0 : 13712, 4, 2020/11/30, 23:56:22.242, 9556132880853, vstest.console.dll, TestRequestSender.StartTestRun: Sending test run with message: {"Version":2,"MessageType":"TestExecution.StartWithSources","Payload":{"AdapterSourceMap":{"_none_":["C:\\Users\\MaNemoj\\source\\repos\\MaNemoj01\\Filmoteka\\Unit Testovi\\bin\\Debug\\fine-code-coverage\\Unit Testovi.dll"]},"RunSettings":"<RunSettings>\r\n  <RunConfiguration>\r\n    <ResultsDirectory>C:\\Users\\MaNemoj\\source\\repos\\MaNemoj01\\Filmoteka\\Unit Testovi\\bin\\Debug\\fine-code-coverage\\_outputfolder</ResultsDirectory>\r\n    <TargetPlatform>X64</TargetPlatform>\r\n    <TargetFrameworkVersion>.NETCoreApp,Version=v3.1</TargetFrameworkVersion>\r\n    <DesignMode>False</DesignMode>\r\n    <CollectSourceInformation>False</CollectSourceInformation>\r\n  </RunConfiguration>\r\n  <LoggerRunSettings>\r\n    <Loggers>\r\n      <Logger friendlyName=\"blame\" enabled=\"True\" />\r\n      <Logger friendlyName=\"Console\" uri=\"logger://microsoft/TestPlatform/ConsoleLogger/v1\" assemblyQualifiedName=\"Microsoft.VisualStudio.TestPlatform.CommandLine.Internal.ConsoleLogger, vstest.console, Version=15.0.0.0, Culture=neutral, PublicKeyToken=b03f5f7f11d50a3a\" codeBase=\"C:\\Program Files\\dotnet\\sdk\\3.1.403\\vstest.console.dll\" enabled=\"True\" />\r\n    </Loggers>\r\n  </LoggerRunSettings>\r\n  <DataCollectionRunSettings>\r\n    <DataCollectors>\r\n      <DataCollector friendlyName=\"blame\" enabled=\"True\">\r\n        <Configuration>\r\n          <ResultsDirectory>C:\\Users\\MaNemoj\\source\\repos\\MaNemoj01\\Filmoteka\\Unit Testovi\\bin\\Debug\\fine-code-coverage\\_outputfolder</ResultsDirectory>\r\n        </Configuration>\r\n      </DataCollector>\r\n    </DataCollectors>\r\n  </DataCollectionRunSettings>\r\n</RunSettings>","TestExecutionContext":{"FrequencyOfRunStatsChangeEvent":10,"RunStatsChangeEventTimeout":"00:00:01.5000000","InIsolation":false,"KeepAlive":false,"AreTestCaseLevelEventsRequired":false,"IsDebug":false,"TestCaseFilter":null,"FilterOptions":null},"Package":null}}
TpTrace Verbose: 0 : 13712, 10, 2020/11/30, 23:56:22.275, 9556133204203, vstest.console.dll, TcpClientExtensions.MessageLoopAsync: NotifyDataAvailable remoteEndPoint: 127.0.0.1:62617 localEndPoint: 127.0.0.1:62616
TpTrace Verbose: 0 : 13712, 10, 2020/11/30, 23:56:22.275, 9556133208396, vstest.console.dll, TestRequestSender.OnExecutionMessageReceived: Received message: {"Version":2,"MessageType":"TestSession.Message","Payload":{"MessageLevel":0,"Message":"Logging TestHost Diagnostics in file: C:\\Users\\MaNemoj\\source\\repos\\MaNemoj01\\Filmoteka\\Unit Testovi\\bin\\Debug\\fine-code-coverage\\_outputfolder\\diagnostics.host.20-11-30_23-56-19_94581_4.log"}}
TpTrace Verbose: 0 : 13712, 10, 2020/11/30, 23:56:22.285, 9556133304771, vstest.console.dll, TestRunRequest:SendTestRunMessage: Starting.
TpTrace Information: 0 : 13712, 10, 2020/11/30, 23:56:22.285, 9556133308766, vstest.console.dll, TestRunRequest:SendTestRunMessage: Completed.
TpTrace Verbose: 0 : 13712, 10, 2020/11/30, 23:56:22.286, 9556133310910, vstest.console.dll, TcpClientExtensions.MessageLoopAsync: Polling on remoteEndPoint: 127.0.0.1:62617 localEndPoint: 127.0.0.1:62616
TpTrace Verbose: 0 : 13712, 10, 2020/11/30, 23:56:23.287, 9556143330175, vstest.console.dll, TcpClientExtensions.MessageLoopAsync: Polling on remoteEndPoint: 127.0.0.1:62617 localEndPoint: 127.0.0.1:62616
TpTrace Verbose: 0 : 13712, 10, 2020/11/30, 23:56:24.297, 9556153428947, vstest.console.dll, TcpClientExtensions.MessageLoopAsync: Polling on remoteEndPoint: 127.0.0.1:62617 localEndPoint: 127.0.0.1:62616
TpTrace Verbose: 0 : 13712, 10, 2020/11/30, 23:56:24.511, 9556155568789, vstest.console.dll, TcpClientExtensions.MessageLoopAsync: NotifyDataAvailable remoteEndPoint: 127.0.0.1:62617 localEndPoint: 127.0.0.1:62616
TpTrace Verbose: 0 : 13712, 10, 2020/11/30, 23:56:24.514, 9556155596831, vstest.console.dll, TestRequestSender.OnExecutionMessageReceived: Received message: {"Version":2,"MessageType":"TestExecution.Completed","Payload":{"TestRunCompleteArgs":{"TestRunStatistics":{"ExecutedTests":4,"Stats":{"Passed":1,"Failed":3}},"IsCanceled":false,"IsAborted":false,"Error":null,"AttachmentSets":[],"ElapsedTimeInRunningTests":"00:00:01.1363087","Metrics":{}},"LastRunTests":{"NewTestResults":[{"TestCase":{"Id":"aef9dec6-1181-fac1-2596-b31421e8da47","FullyQualifiedName":"Unit_Testovi.NoviTestovi.TestZamjenskiObjekat","DisplayName":"TestZamjenskiObjekat","ExecutorUri":"executor://MSTestAdapter/v2","Source":"C:\\Users\\MaNemoj\\source\\repos\\MaNemoj01\\Filmoteka\\Unit Testovi\\bin\\Debug\\fine-code-coverage\\Unit Testovi.dll","CodeFilePath":null,"LineNumber":-1,"Properties":[{"Key":{"Id":"MSTestDiscoverer.TestClassName","Label":"ClassName","Category":"","Description":"","Attributes":1,"ValueType":"System.String"},"Value":"Unit_Testovi.NoviTestovi"},{"Key":{"Id":"TestObject.Traits","Label":"Traits","Category":"","Description":"","Attributes":5,"ValueType":"System.Collections.Generic.KeyValuePair`2[[System.String],[System.String]][]"},"Value":[]}]},"Attachments":[],"Outcome":1,"ErrorMessage":null,"ErrorStackTrace":null,"DisplayName":null,"Messages":[],"ComputerName":null,"Duration":"00:00:00.0440562","StartTime":"2020-11-30T23:56:23.5774554+01:00","EndTime":"2020-11-30T23:56:23.8061035+01:00","Properties":[{"Key":{"Id":"ExecutionId","Label":"ExecutionId","Category":"","Description":"","Attributes":1,"ValueType":"System.Guid"},"Value":"00000000-0000-0000-0000-000000000000"},{"Key":{"Id":"ParentExecId","Label":"ParentExecId","Category":"","Description":"","Attributes":1,"ValueType":"System.Guid"},"Value":"00000000-0000-0000-0000-000000000000"},{"Key":{"Id":"InnerResultsCount","Label":"InnerResultsCount","Category":"","Description":"","Attributes":1,"ValueType":"System.Int32"},"Value":0}]},{"TestCase":{"Id":"307a9543-71bf-45b1-736e-e86a33581b25","FullyQualifiedName":"Unit_Testovi.NoviTestovi.TestDodajNastavakIstiGlumci","DisplayName":"TestDodajNastavakIstiGlumci","ExecutorUri":"executor://MSTestAdapter/v2","Source":"C:\\Users\\MaNemoj\\source\\repos\\MaNemoj01\\Filmoteka\\Unit Testovi\\bin\\Debug\\fine-code-coverage\\Unit Testovi.dll","CodeFilePath":null,"LineNumber":-1,"Properties":[{"Key":{"Id":"MSTestDiscoverer.TestClassName","Label":"ClassName","Category":"","Description":"","Attributes":1,"ValueType":"System.String"},"Value":"Unit_Testovi.NoviTestovi"},{"Key":{"Id":"TestObject.Traits","Label":"Traits","Category":"","Description":"","Attributes":5,"ValueType":"System.Collections.Generic.KeyValuePair`2[[System.String],[System.String]][]"},"Value":[]}]},"Attachments":[],"Outcome":2,"ErrorMessage":"Test method Unit_Testovi.NoviTestovi.TestDodajNastavakIstiGlumci threw exception: \r\nSystem.NotImplementedException: The method or operation is not implemented.","ErrorStackTrace":"    at Filmoteka.Filmoteka.DodajNastavak(Film film, Double rating, Boolean istiGlumci, List`1 noviGlumci) in C:\\Users\\MaNemoj\\source\\repos\\MaNemoj01\\Filmoteka\\Filmoteka\\Filmoteka.cs:line 133\r\n   at Unit_Testovi.NoviTestovi.TestDodajNastavakIstiGlumci() in C:\\Users\\MaNemoj\\source\\repos\\MaNemoj01\\Filmoteka\\Unit Testovi\\NoviTestovi.cs:line 46\r\n","DisplayName":null,"Messages":[],"ComputerName":null,"Duration":"00:00:00.1310928","StartTime":"2020-11-30T23:56:24.0672398+01:00","EndTime":"2020-11-30T23:56:24.2035171+01:00","Properties":[{"Key":{"Id":"ExecutionId","Label":"ExecutionId","Category":"","Description":"","Attributes":1,"ValueType":"System.Guid"},"Value":"00000000-0000-0000-0000-000000000000"},{"Key":{"Id":"ParentExecId","Label":"ParentExecId","Category":"","Description":"","Attributes":1,"ValueType":"System.Guid"},"Value":"00000000-0000-0000-0000-000000000000"},{"Key":{"Id":"InnerResultsCount","Label":"InnerResultsCount","Category":"","Description":"","Attributes":1,"ValueType":"System.Int32"},"Value":0}]},{"TestCase":{"Id":"ccc8a4b1-0bba-0d1f-634a-2a0e08c0293a","FullyQualifiedName":"Unit_Testovi.NoviTestovi.TestDodajNastavakRazlicitiGlumci","DisplayName":"TestDodajNastavakRazlicitiGlumci","ExecutorUri":"executor://MSTestAdapter/v2","Source":"C:\\Users\\MaNemoj\\source\\repos\\MaNemoj01\\Filmoteka\\Unit Testovi\\bin\\Debug\\fine-code-coverage\\Unit Testovi.dll","CodeFilePath":null,"LineNumber":-1,"Properties":[{"Key":{"Id":"MSTestDiscoverer.TestClassName","Label":"ClassName","Category":"","Description":"","Attributes":1,"ValueType":"System.String"},"Value":"Unit_Testovi.NoviTestovi"},{"Key":{"Id":"TestObject.Traits","Label":"Traits","Category":"","Description":"","Attributes":5,"ValueType":"System.Collections.Generic.KeyValuePair`2[[System.String],[System.String]][]"},"Value":[]}]},"Attachments":[],"Outcome":2,"ErrorMessage":"Test method Unit_Testovi.NoviTestovi.TestDodajNastavakRazlicitiGlumci threw exception: \r\nSystem.NotImplementedException: The method or operation is not implemented.","ErrorStackTrace":"    at Filmoteka.Filmoteka.DodajNastavak(Film film, Double rating, Boolean istiGlumci, List`1 noviGlumci) in C:\\Users\\MaNemoj\\source\\repos\\MaNemoj01\\Filmoteka\\Filmoteka\\Filmoteka.cs:line 133\r\n   at Unit_Testovi.NoviTestovi.TestDodajNastavakRazlicitiGlumci() in C:\\Users\\MaNemoj\\source\\repos\\MaNemoj01\\Filmoteka\\Unit Testovi\\NoviTestovi.cs:line 59\r\n","DisplayName":null,"Messages":[],"ComputerName":null,"Duration":"00:00:00.0033814","StartTime":"2020-11-30T23:56:24.217559+01:00","EndTime":"2020-11-30T23:56:24.2214607+01:00","Properties":[{"Key":{"Id":"ExecutionId","Label":"ExecutionId","Category":"","Description":"","Attributes":1,"ValueType":"System.Guid"},"Value":"00000000-0000-0000-0000-000000000000"},{"Key":{"Id":"ParentExecId","Label":"ParentExecId","Category":"","Description":"","Attributes":1,"ValueType":"System.Guid"},"Value":"00000000-0000-0000-0000-000000000000"},{"Key":{"Id":"InnerResultsCount","Label":"InnerResultsCount","Category":"","Description":"","Attributes":1,"ValueType":"System.Int32"},"Value":0}]},{"TestCase":{"Id":"83c1ddde-4e31-66fc-a376-4096e8037e77","FullyQualifiedName":"Unit_Testovi.NoviTestovi.TestDodajNastavakIzuzetak","DisplayName":"TestDodajNastavakIzuzetak","ExecutorUri":"executor://MSTestAdapter/v2","Source":"C:\\Users\\MaNemoj\\source\\repos\\MaNemoj01\\Filmoteka\\Unit Testovi\\bin\\Debug\\fine-code-coverage\\Unit Testovi.dll","CodeFilePath":null,"LineNumber":-1,"Properties":[{"Key":{"Id":"MSTestDiscoverer.TestClassName","Label":"ClassName","Category":"","Description":"","Attributes":1,"ValueType":"System.String"},"Value":"Unit_Testovi.NoviTestovi"},{"Key":{"Id":"TestObject.Traits","Label":"Traits","Category":"","Description":"","Attributes":5,"ValueType":"System.Collections.Generic.KeyValuePair`2[[System.String],[System.String]][]"},"Value":[]}]},"Attachments":[],"Outcome":2,"ErrorMessage":"Test method threw exception System.NotImplementedException, but exception System.ArgumentNullException was expected. Exception message: System.NotImplementedException: The method or operation is not implemented.","ErrorStackTrace":"   at Filmoteka.Filmoteka.DodajNastavak(Film film, Double rating, Boolean istiGlumci, List`1 noviGlumci) in C:\\Users\\MaNemoj\\source\\repos\\MaNemoj01\\Filmoteka\\Filmoteka\\Filmoteka.cs:line 133\r\n   at Unit_Testovi.NoviTestovi.TestDodajNastavakIzuzetak() in C:\\Users\\MaNemoj\\source\\repos\\MaNemoj01\\Filmoteka\\Unit Testovi\\NoviTestovi.cs:line 72\r\n","DisplayName":null,"Messages":[],"ComputerName":null,"Duration":"00:00:00.0092206","StartTime":"2020-11-30T23:56:24.2397508+01:00","EndTime":"2020-11-30T23:56:24.2498072+01:00","Properties":[{"Key":{"Id":"ExecutionId","Label":"ExecutionId","Category":"","Description":"","Attributes":1,"ValueType":"System.Guid"},"Value":"00000000-0000-0000-0000-000000000000"},{"Key":{"Id":"ParentExecId","Label":"ParentExecId","Category":"","Description":"","Attributes":1,"ValueType":"System.Guid"},"Value":"00000000-0000-0000-0000-000000000000"},{"Key":{"Id":"InnerResultsCount","Label":"InnerResultsCount","Category":"","Description":"","Attributes":1,"ValueType":"System.Int32"},"Value":0}]}],"TestRunStatistics":{"ExecutedTests":4,"Stats":{"Passed":1,"Failed":3}},"ActiveTests":[]},"RunAttachments":[],"ExecutorUris":["executor://mstestadapter/v2"]}}
TpTrace Verbose: 0 : 13712, 10, 2020/11/30, 23:56:24.526, 9556155716858, vstest.console.dll, TestRequestSender.EndSession: Sending end session.
TpTrace Verbose: 0 : 13712, 10, 2020/11/30, 23:56:24.527, 9556155726064, vstest.console.dll, ProxyOperationManager.Close: waiting for test host to exit for 100 ms
TpTrace Warning: 0 : 13712, 12, 2020/11/30, 23:56:24.743, 9556157884298, vstest.console.dll, TestHostManagerCallbacks.ErrorReceivedCallback Test host standard error line: 
TpTrace Warning: 0 : 13712, 10, 2020/11/30, 23:56:24.746, 9556157945901, vstest.console.dll, ProxyOperationManager: Timed out waiting for test host to exit. Will terminate process.
TpTrace Verbose: 0 : 13712, 10, 2020/11/30, 23:56:24.784, 9556158296819, vstest.console.dll, TestHostProvider.ExitCallBack: Host exited starting callback.
TpTrace Information: 0 : 13712, 10, 2020/11/30, 23:56:24.784, 9556158300279, vstest.console.dll, TestHostManagerCallbacks.ExitCallBack: Testhost processId: 5624 exited with exitcode: 0 error: ''
TpTrace Verbose: 0 : 13712, 10, 2020/11/30, 23:56:24.785, 9556158302175, vstest.console.dll, DotnetTestHostManager.OnHostExited: invoking OnHostExited callback
TpTrace Verbose: 0 : 13712, 10, 2020/11/30, 23:56:24.785, 9556158305812, vstest.console.dll, CrossPlatEngine.TestHostManagerHostExited: calling on client process exit callback.
TpTrace Information: 0 : 13712, 10, 2020/11/30, 23:56:24.785, 9556158308424, vstest.console.dll, TestRequestSender.OnClientProcessExit: Test host process exited. Standard error: 
TpTrace Information: 0 : 13712, 10, 2020/11/30, 23:56:24.786, 9556158311109, vstest.console.dll, SocketServer.Stop: Stop server endPoint: 127.0.0.1:62616
TpTrace Information: 0 : 13712, 10, 2020/11/30, 23:56:24.786, 9556158314219, vstest.console.dll, SocketServer.Stop: Cancellation requested. Stopping message loop.
TpTrace Verbose: 0 : 13712, 10, 2020/11/30, 23:56:24.792, 9556158377563, vstest.console.dll, ProxyDataCollectionManager.InvokeDataCollectionServiceAction: Starting.
TpTrace Information: 0 : 13712, 10, 2020/11/30, 23:56:24.793, 9556158381373, vstest.console.dll, ProxyDataCollectionManager.AfterTestRunEnd: Get attachment set for datacollector processId: 6536 port: 62613
TpTrace Verbose: 0 : 13712, 10, 2020/11/30, 23:56:24.793, 9556158384014, vstest.console.dll, DataCollectionRequestSender.SendAfterTestRunStartAndGetResult : Send AfterTestRunEnd message with isCancelled: False
TpTrace Verbose: 0 : 13712, 10, 2020/11/30, 23:56:24.805, 9556158508962, vstest.console.dll, DataCollectionRequestSender.SendAfterTestRunStartAndGetResult : Received message: (DataCollection.AfterTestRunEndResult) -> []
TpTrace Information: 0 : 13712, 10, 2020/11/30, 23:56:24.820, 9556158659928, vstest.console.dll, ProxyDataCollectionManager.InvokeDataCollectionServiceAction: Completed.
TpTrace Warning: 0 : 13712, 6, 2020/11/30, 23:56:24.873, 9556159181762, vstest.console.dll, DataCollectionLauncher.ErrorReceivedCallback datacollector standard error line: 
TpTrace Information: 0 : 13712, 7, 2020/11/30, 23:56:24.957, 9556160026719, vstest.console.dll, DataCollectionLauncher.ExitCallBack: Data collector exited with exitcode: 0 error: ''
TpTrace Verbose: 0 : 13712, 10, 2020/11/30, 23:56:25.335, 9556163806315, vstest.console.dll, TestRunRequest:SendTestRunStatsChange: Starting.
TpTrace Information: 0 : 13712, 10, 2020/11/30, 23:56:25.336, 9556163814814, vstest.console.dll, TestRunRequest:SendTestRunStatsChange: Completed.
TpTrace Verbose: 0 : 13712, 10, 2020/11/30, 23:56:25.337, 9556163828799, vstest.console.dll, ParallelProxyExecutionManager: HandlePartialRunComplete: Total completed clients = 1, Run complete = True, Run canceled: False.
TpTrace Verbose: 0 : 13712, 10, 2020/11/30, 23:56:25.398, 9556164439697, vstest.console.dll, TestRunRequest:TestRunComplete: Starting. IsAborted:False IsCanceled:False.
TpTrace Verbose: 0 : 13712, 10, 2020/11/30, 23:56:25.399, 9556164443584, vstest.console.dll, TestLoggerManager.HandleTestRunComplete: Ignoring as the object is disposed.
TpTrace Information: 0 : 13712, 10, 2020/11/30, 23:56:25.400, 9556164450599, vstest.console.dll, TestRunRequest:TestRunComplete: Completed.
TpTrace Verbose: 0 : 13712, 10, 2020/11/30, 23:56:25.400, 9556164452916, vstest.console.dll, TestRequestSender.SetOperationComplete: Setting operation complete.
TpTrace Verbose: 0 : 13712, 1, 2020/11/30, 23:56:25.400, 9556164453054, vstest.console.dll, TestRunRequest.Dispose: Starting.
TpTrace Information: 0 : 13712, 10, 2020/11/30, 23:56:25.400, 9556164455284, vstest.console.dll, SocketServer.Stop: Stop server endPoint: 127.0.0.1:62616
TpTrace Information: 0 : 13712, 1, 2020/11/30, 23:56:25.400, 9556164456906, vstest.console.dll, TestRunRequest.Dispose: Completed.
TpTrace Information: 0 : 13712, 10, 2020/11/30, 23:56:25.400, 9556164458255, vstest.console.dll, SocketServer.Stop: Cancellation requested. Stopping message loop.
TpTrace Information: 0 : 13712, 1, 2020/11/30, 23:56:25.400, 9556164460092, vstest.console.dll, TestRequestManager.RunTests: run tests completed.
TpTrace Information: 0 : 13712, 10, 2020/11/30, 23:56:25.401, 9556164461982, vstest.console.dll, SocketServer.PrivateStop: Stop server endPoint: 127.0.0.1:62616 error: 
TpTrace Information: 0 : 13712, 1, 2020/11/30, 23:56:25.401, 9556164462828, vstest.console.dll, RunTestsArgumentProcessor:Execute: Test run is completed.
TpTrace Verbose: 0 : 13712, 1, 2020/11/30, 23:56:25.401, 9556164464248, vstest.console.dll, Executor.Execute: Exiting with exit code of 1
